This file contains any messages produced by compilers while
running configure, to aid debugging if configure makes a mistake.

It was created by configure, which was
generated by GNU Autoconf 2.57.  Invocation command line was

  $ ./configure --cache-file=./config.cache --build=x86_64-unknown-linux-gnu --host=x86_64-unknown-linux-gnu --target=x86_64-unknown-linux-gnu --with-gnu-as --with-gnu-ld --program-transform-name=s,y,y, --srcdir=.

## --------- ##
## Platform. ##
## --------- ##

hostname = localhost.localdomain
uname -m = x86_64
uname -r = 5.6.13-100.fc30.x86_64
uname -s = Linux
uname -v = #1 SMP Fri May 15 00:36:06 UTC 2020

/usr/bin/uname -p = x86_64
/bin/uname -X     = unknown

/bin/arch              = x86_64
/usr/bin/arch -k       = unknown
/usr/convex/getsysinfo = unknown
hostinfo               = unknown
/bin/machine           = unknown
/usr/bin/oslevel       = unknown
/bin/universe          = unknown

PATH: /home/student/.local/bin
PATH: /home/student/bin
PATH: /usr/share/Modules/bin
PATH: /usr/local/bin
PATH: /usr/local/sbin
PATH: /usr/bin
PATH: /usr/sbin
PATH: /var/lib/snapd/snap/bin
PATH: /opt/ghidra
PATH: /opt/apktool
PATH: /opt/jadx/bin
PATH: /opt/android-studio/bin
PATH: /opt/Standalone/bin
PATH: /home/student/Android/Sdk/platform-tools
PATH: /home/student/Android/Sdk/tool


## ----------- ##
## Core tests. ##
## ----------- ##

configure:1192: creating cache ./config.cache
configure:1348: checking whether to enable maintainer-specific portions of Makefiles
configure:1358: result: no
configure:1373: checking for makeinfo
configure:1402: result: no
configure:1438: checking for perl
configure:1454: found /usr/bin/perl
configure:1464: result: perl
configure:1484: checking build system type
configure:1502: result: x86_64-unknown-linux-gnu
configure:1510: checking host system type
configure:1524: result: x86_64-unknown-linux-gnu
configure:1537: checking for x86_64-unknown-linux-gnu-ar
configure:1563: result: ar
configure:1616: checking for x86_64-unknown-linux-gnu-ranlib
configure:1642: result: ranlib
configure:1703: checking for x86_64-unknown-linux-gnu-gcc
configure:1729: result: afl-gcc
configure:2011: checking for C compiler version
configure:2014: afl-gcc --version </dev/null >&5
gcc (GCC) 9.3.1 20200408 (Red Hat 9.3.1-2)
Copyright (C) 2019 Free Software Foundation, Inc.
This is free software; see the source for copying conditions.  There is NO
warranty; not even for MERCHANTABILITY or FITNESS FOR A PARTICULAR PURPOSE.

configure:2017: $? = 0
configure:2019: afl-gcc -v </dev/null >&5
Using built-in specs.
COLLECT_GCC=gcc
COLLECT_LTO_WRAPPER=/usr/libexec/gcc/x86_64-redhat-linux/9/lto-wrapper
OFFLOAD_TARGET_NAMES=nvptx-none
OFFLOAD_TARGET_DEFAULT=1
Target: x86_64-redhat-linux
Configured with: ../configure --enable-bootstrap --enable-languages=c,c++,fortran,objc,obj-c++,ada,go,d,lto --prefix=/usr --mandir=/usr/share/man --infodir=/usr/share/info --with-bugurl=http://bugzilla.redhat.com/bugzilla --enable-shared --enable-threads=posix --enable-checking=release --enable-multilib --with-system-zlib --enable-__cxa_atexit --disable-libunwind-exceptions --enable-gnu-unique-object --enable-linker-build-id --with-gcc-major-version-only --with-linker-hash-style=gnu --enable-plugin --enable-initfini-array --with-isl --enable-offload-targets=nvptx-none --without-cuda-driver --enable-gnu-indirect-function --enable-cet --with-tune=generic --with-arch_32=i686 --build=x86_64-redhat-linux
Thread model: posix
gcc version 9.3.1 20200408 (Red Hat 9.3.1-2) (GCC) 
configure:2022: $? = 0
configure:2024: afl-gcc -V </dev/null >&5
gcc: error: unrecognized command line option '-V'
gcc: fatal error: no input files
compilation terminated.
configure:2027: $? = 1
configure:2047: afl-gcc -o conftest -g -O2   conftest.c  >&5
configure:2050: $? = 0
configure:2085: checking for C compiler default output
configure:2088: afl-gcc -g -O2   conftest.c  >&5
configure:2091: $? = 0
configure:2137: result: a.out
configure:2142: checking whether the C compiler works
configure:2148: ./a.out
configure:2151: $? = 0
configure:2168: result: yes
configure:2175: checking whether we are cross compiling
configure:2177: result: no
configure:2180: checking for suffix of executables
configure:2182: afl-gcc -o conftest -g -O2   conftest.c  >&5
configure:2185: $? = 0
configure:2210: result: 
configure:2217: checking for suffix of object files
configure:2239: afl-gcc -c -g -O2  conftest.c >&5
configure:2242: $? = 0
configure:2264: result: o
configure:2268: checking whether we are using the GNU C compiler
configure:2293: afl-gcc -c -g -O2  conftest.c >&5
configure:2296: $? = 0
configure:2299: test -s conftest.o
configure:2302: $? = 0
configure:2315: result: yes
configure:2321: checking whether afl-gcc accepts -g
configure:2343: afl-gcc -c -g  conftest.c >&5
configure:2346: $? = 0
configure:2349: test -s conftest.o
configure:2352: $? = 0
configure:2363: result: yes
configure:2380: checking for afl-gcc option to accept ANSI C
configure:2441: afl-gcc  -c -g -O2  conftest.c >&5
configure:2444: $? = 0
configure:2447: test -s conftest.o
configure:2450: $? = 0
configure:2468: result: none needed
configure:2486: afl-gcc -c -g -O2  conftest.c >&5
conftest.c:2:3: error: unknown type name 'choke'
    2 |   choke me
      |   ^~~~~
conftest.c:2:3: error: expected '=', ',', ';', 'asm' or '__attribute__' at end of input
configure:2489: $? = 1
configure: failed program was:
| #ifndef __cplusplus
|   choke me
| #endif
configure:2603: checking how to run the C preprocessor
configure:2639: afl-gcc -E  conftest.c
configure:2645: $? = 0
configure:2677: afl-gcc -E  conftest.c
configure:2676:10: fatal error: ac_nonexistent.h: No such file or directory
 2676 | /* end confdefs.h.  */
      |          ^~~~~~~~~~~~~     
compilation terminated.
configure:2683: $? = 1
configure: failed program was:
| #line 2668 "configure"
| /* confdefs.h.  */
| 
| #define PACKAGE_NAME ""
| #define PACKAGE_TARNAME ""
| #define PACKAGE_VERSION ""
| #define PACKAGE_STRING ""
| #define PACKAGE_BUGREPORT ""
| /* end confdefs.h.  */
| #include <ac_nonexistent.h>
configure:2721: result: afl-gcc -E
configure:2746: afl-gcc -E  conftest.c
configure:2752: $? = 0
configure:2784: afl-gcc -E  conftest.c
configure:2783:10: fatal error: ac_nonexistent.h: No such file or directory
 2783 | /* end confdefs.h.  */
      |          ^~~~~~~~~~~~~     
compilation terminated.
configure:2790: $? = 1
configure: failed program was:
| #line 2775 "configure"
| /* confdefs.h.  */
| 
| #define PACKAGE_NAME ""
| #define PACKAGE_TARNAME ""
| #define PACKAGE_VERSION ""
| #define PACKAGE_STRING ""
| #define PACKAGE_BUGREPORT ""
| /* end confdefs.h.  */
| #include <ac_nonexistent.h>
configure:2841: checking whether afl-gcc and cc understand -c and -o together
configure:2872: afl-gcc -c conftest.c -o conftest.o >&5
configure:2875: $? = 0
configure:2877: afl-gcc -c conftest.c -o conftest.o >&5
configure:2880: $? = 0
configure:2887: cc -c conftest.c >&5
configure:2890: $? = 0
configure:2893: cc -c conftest.c -o conftest.o >&5
configure:2896: $? = 0
configure:2898: cc -c conftest.c -o conftest.o >&5
configure:2901: $? = 0
configure:2919: result: yes
configure:2941: checking for an ANSI C-conforming const
configure:3009: afl-gcc -c -g -O2  conftest.c >&5
configure:3012: $? = 0
configure:3015: test -s conftest.o
configure:3018: $? = 0
configure:3029: result: yes
configure:3039: checking for inline
configure:3061: afl-gcc -c -g -O2  conftest.c >&5
configure:3064: $? = 0
configure:3067: test -s conftest.o
configure:3070: $? = 0
configure:3082: result: inline
configure:3097: checking whether byte ordering is bigendian
configure:3125: afl-gcc -c -g -O2  conftest.c >&5
configure:3128: $? = 0
configure:3131: test -s conftest.o
configure:3134: $? = 0
configure:3158: afl-gcc -c -g -O2  conftest.c >&5
configure: In function 'main':
configure:3152:2: error: unknown type name 'not'; did you mean 'ino_t'?
 3152 | #if BYTE_ORDER != BIG_ENDIAN
      |  ^~~
      |  ino_t
configure:3152:10: error: expected '=', ',', ';', 'asm' or '__attribute__' before 'endian'
 3152 | #if BYTE_ORDER != BIG_ENDIAN
      |          ^~~~~~
configure:3161: $? = 1
configure: failed program was:
| #line 3137 "configure"
| /* confdefs.h.  */
| 
| #define PACKAGE_NAME ""
| #define PACKAGE_TARNAME ""
| #define PACKAGE_VERSION ""
| #define PACKAGE_STRING ""
| #define PACKAGE_BUGREPORT ""
| /* end confdefs.h.  */
| #include <sys/types.h>
| #include <sys/param.h>
| int
| main ()
| {
| 
| #if BYTE_ORDER != BIG_ENDIAN
|  not big endian
| #endif
|   ;
|   return 0;
| }
configure:3229: result: no
configure:3309: checking for a BSD-compatible install
configure:3363: result: /usr/bin/install -c
configure:3408: checking for sys/file.h
configure:3422: afl-gcc -E  conftest.c
configure:3428: $? = 0
configure:3448: result: yes
configure:3408: checking for sys/param.h
configure:3422: afl-gcc -E  conftest.c
configure:3428: $? = 0
configure:3448: result: yes
configure:3408: checking for limits.h
configure:3422: afl-gcc -E  conftest.c
configure:3428: $? = 0
configure:3448: result: yes
configure:3408: checking for stdlib.h
configure:3422: afl-gcc -E  conftest.c
configure:3428: $? = 0
configure:3448: result: yes
configure:3408: checking for malloc.h
configure:3422: afl-gcc -E  conftest.c
configure:3428: $? = 0
configure:3448: result: yes
configure:3408: checking for string.h
configure:3422: afl-gcc -E  conftest.c
configure:3428: $? = 0
configure:3448: result: yes
configure:3408: checking for unistd.h
configure:3422: afl-gcc -E  conftest.c
configure:3428: $? = 0
configure:3448: result: yes
configure:3408: checking for strings.h
configure:3422: afl-gcc -E  conftest.c
configure:3428: $? = 0
configure:3448: result: yes
configure:3408: checking for sys/time.h
configure:3422: afl-gcc -E  conftest.c
configure:3428: $? = 0
configure:3448: result: yes
configure:3408: checking for time.h
configure:3422: afl-gcc -E  conftest.c
configure:3428: $? = 0
configure:3448: result: yes
configure:3408: checking for sys/resource.h
configure:3422: afl-gcc -E  conftest.c
configure:3428: $? = 0
configure:3448: result: yes
configure:3408: checking for sys/stat.h
configure:3422: afl-gcc -E  conftest.c
configure:3428: $? = 0
configure:3448: result: yes
configure:3408: checking for sys/mman.h
configure:3422: afl-gcc -E  conftest.c
configure:3428: $? = 0
configure:3448: result: yes
configure:3408: checking for fcntl.h
configure:3422: afl-gcc -E  conftest.c
configure:3428: $? = 0
configure:3448: result: yes
configure:3408: checking for alloca.h
configure:3422: afl-gcc -E  conftest.c
configure:3428: $? = 0
configure:3448: result: yes
configure:3408: checking for sys/pstat.h
configure:3422: afl-gcc -E  conftest.c
configure:3437:10: fatal error: sys/pstat.h: No such file or directory
 3437 | else
      |          ^            
compilation terminated.
configure:3428: $? = 1
configure: failed program was:
| #line 3413 "configure"
| /* confdefs.h.  */
| 
| #define PACKAGE_NAME ""
| #define PACKAGE_TARNAME ""
| #define PACKAGE_VERSION ""
| #define PACKAGE_STRING ""
| #define PACKAGE_BUGREPORT ""
| #define BYTEORDER 1234
| #define HAVE_SYS_FILE_H 1
| #define HAVE_SYS_PARAM_H 1
| #define HAVE_LIMITS_H 1
| #define HAVE_STDLIB_H 1
| #define HAVE_MALLOC_H 1
| #define HAVE_STRING_H 1
| #define HAVE_UNISTD_H 1
| #define HAVE_STRINGS_H 1
| #define HAVE_SYS_TIME_H 1
| #define HAVE_TIME_H 1
| #define HAVE_SYS_RESOURCE_H 1
| #define HAVE_SYS_STAT_H 1
| #define HAVE_SYS_MMAN_H 1
| #define HAVE_FCNTL_H 1
| #define HAVE_ALLOCA_H 1
| /* end confdefs.h.  */
| #include <sys/pstat.h>
configure:3448: result: no
configure:3408: checking for sys/sysmp.h
configure:3422: afl-gcc -E  conftest.c
configure:3437:10: fatal error: sys/sysmp.h: No such file or directory
 3437 | else
      |          ^            
compilation terminated.
configure:3428: $? = 1
configure: failed program was:
| #line 3413 "configure"
| /* confdefs.h.  */
| 
| #define PACKAGE_NAME ""
| #define PACKAGE_TARNAME ""
| #define PACKAGE_VERSION ""
| #define PACKAGE_STRING ""
| #define PACKAGE_BUGREPORT ""
| #define BYTEORDER 1234
| #define HAVE_SYS_FILE_H 1
| #define HAVE_SYS_PARAM_H 1
| #define HAVE_LIMITS_H 1
| #define HAVE_STDLIB_H 1
| #define HAVE_MALLOC_H 1
| #define HAVE_STRING_H 1
| #define HAVE_UNISTD_H 1
| #define HAVE_STRINGS_H 1
| #define HAVE_SYS_TIME_H 1
| #define HAVE_TIME_H 1
| #define HAVE_SYS_RESOURCE_H 1
| #define HAVE_SYS_STAT_H 1
| #define HAVE_SYS_MMAN_H 1
| #define HAVE_FCNTL_H 1
| #define HAVE_ALLOCA_H 1
| /* end confdefs.h.  */
| #include <sys/sysmp.h>
configure:3448: result: no
configure:3408: checking for sys/sysinfo.h
configure:3422: afl-gcc -E  conftest.c
configure:3428: $? = 0
configure:3448: result: yes
configure:3408: checking for machine/hal_sysinfo.h
configure:3422: afl-gcc -E  conftest.c
configure:3438:10: fatal error: machine/hal_sysinfo.h: No such file or directory
 3438 |   ac_cpp_err=yes
      |          ^~~~~~~                
compilation terminated.
configure:3428: $? = 1
configure: failed program was:
| #line 3413 "configure"
| /* confdefs.h.  */
| 
| #define PACKAGE_NAME ""
| #define PACKAGE_TARNAME ""
| #define PACKAGE_VERSION ""
| #define PACKAGE_STRING ""
| #define PACKAGE_BUGREPORT ""
| #define BYTEORDER 1234
| #define HAVE_SYS_FILE_H 1
| #define HAVE_SYS_PARAM_H 1
| #define HAVE_LIMITS_H 1
| #define HAVE_STDLIB_H 1
| #define HAVE_MALLOC_H 1
| #define HAVE_STRING_H 1
| #define HAVE_UNISTD_H 1
| #define HAVE_STRINGS_H 1
| #define HAVE_SYS_TIME_H 1
| #define HAVE_TIME_H 1
| #define HAVE_SYS_RESOURCE_H 1
| #define HAVE_SYS_STAT_H 1
| #define HAVE_SYS_MMAN_H 1
| #define HAVE_FCNTL_H 1
| #define HAVE_ALLOCA_H 1
| #define HAVE_SYS_SYSINFO_H 1
| /* end confdefs.h.  */
| #include <machine/hal_sysinfo.h>
configure:3448: result: no
configure:3408: checking for sys/table.h
configure:3422: afl-gcc -E  conftest.c
configure:3438:10: fatal error: sys/table.h: No such file or directory
 3438 |   ac_cpp_err=yes
      |          ^~~~~~~      
compilation terminated.
configure:3428: $? = 1
configure: failed program was:
| #line 3413 "configure"
| /* confdefs.h.  */
| 
| #define PACKAGE_NAME ""
| #define PACKAGE_TARNAME ""
| #define PACKAGE_VERSION ""
| #define PACKAGE_STRING ""
| #define PACKAGE_BUGREPORT ""
| #define BYTEORDER 1234
| #define HAVE_SYS_FILE_H 1
| #define HAVE_SYS_PARAM_H 1
| #define HAVE_LIMITS_H 1
| #define HAVE_STDLIB_H 1
| #define HAVE_MALLOC_H 1
| #define HAVE_STRING_H 1
| #define HAVE_UNISTD_H 1
| #define HAVE_STRINGS_H 1
| #define HAVE_SYS_TIME_H 1
| #define HAVE_TIME_H 1
| #define HAVE_SYS_RESOURCE_H 1
| #define HAVE_SYS_STAT_H 1
| #define HAVE_SYS_MMAN_H 1
| #define HAVE_FCNTL_H 1
| #define HAVE_ALLOCA_H 1
| #define HAVE_SYS_SYSINFO_H 1
| /* end confdefs.h.  */
| #include <sys/table.h>
configure:3448: result: no
configure:3408: checking for sys/sysctl.h
configure:3422: afl-gcc -E  conftest.c
configure:3428: $? = 0
configure:3448: result: yes
configure:3408: checking for sys/systemcfg.h
configure:3422: afl-gcc -E  conftest.c
configure:3439:10: fatal error: sys/systemcfg.h: No such file or directory
 3439 | fi
      |          ^                
compilation terminated.
configure:3428: $? = 1
configure: failed program was:
| #line 3413 "configure"
| /* confdefs.h.  */
| 
| #define PACKAGE_NAME ""
| #define PACKAGE_TARNAME ""
| #define PACKAGE_VERSION ""
| #define PACKAGE_STRING ""
| #define PACKAGE_BUGREPORT ""
| #define BYTEORDER 1234
| #define HAVE_SYS_FILE_H 1
| #define HAVE_SYS_PARAM_H 1
| #define HAVE_LIMITS_H 1
| #define HAVE_STDLIB_H 1
| #define HAVE_MALLOC_H 1
| #define HAVE_STRING_H 1
| #define HAVE_UNISTD_H 1
| #define HAVE_STRINGS_H 1
| #define HAVE_SYS_TIME_H 1
| #define HAVE_TIME_H 1
| #define HAVE_SYS_RESOURCE_H 1
| #define HAVE_SYS_STAT_H 1
| #define HAVE_SYS_MMAN_H 1
| #define HAVE_FCNTL_H 1
| #define HAVE_ALLOCA_H 1
| #define HAVE_SYS_SYSINFO_H 1
| #define HAVE_SYS_SYSCTL_H 1
| /* end confdefs.h.  */
| #include <sys/systemcfg.h>
configure:3448: result: no
configure:3458: checking for sys/wait.h that is POSIX.1 compatible
configure:3490: afl-gcc -c -g -O2  conftest.c >&5
configure:3493: $? = 0
configure:3496: test -s conftest.o
configure:3499: $? = 0
configure:3510: result: yes
configure:3520: checking whether time.h and sys/time.h may both be included
configure:3546: afl-gcc -c -g -O2  conftest.c >&5
configure:3549: $? = 0
configure:3552: test -s conftest.o
configure:3555: $? = 0
configure:3566: result: yes
configure:3577: checking whether errno must be declared
configure:3599: afl-gcc -c -g -O2  conftest.c >&5
configure:3602: $? = 0
configure:3605: test -s conftest.o
configure:3608: $? = 0
configure:3619: result: no
configure:3630: checking for egrep
configure:3640: result: grep -E
configure:3645: checking for ANSI C header files
configure:3671: afl-gcc -c -g -O2  conftest.c >&5
configure:3674: $? = 0
configure:3677: test -s conftest.o
configure:3680: $? = 0
configure:3772: afl-gcc -o conftest -g -O2   conftest.c  >&5
configure: In function 'main':
configure:3785:7: warning: implicit declaration of function 'exit' [-Wimplicit-function-declaration]
 3785 | else
      |       ^   
configure:3785:7: warning: incompatible implicit declaration of built-in function 'exit'
configure:3769:1: note: include '<stdlib.h>' or provide a declaration of 'exit'
 3768 |         || toupper (i) != TOUPPER (i))
  +++ |+#include <stdlib.h>
 3769 |       exit(2);
configure:3786:3: warning: incompatible implicit declaration of built-in function 'exit'
 3786 |   echo "$as_me: program exited with status $ac_status" >&5
      |   ^~~~
configure:3786:3: note: include '<stdlib.h>' or provide a declaration of 'exit'
configure:3775: $? = 0
configure:3777: ./conftest
configure:3780: $? = 0
configure:3795: result: yes
configure:3819: checking for sys/types.h
configure:3833: afl-gcc -E  conftest.c
configure:3839: $? = 0
configure:3859: result: yes
configure:3819: checking for sys/stat.h
configure:3859: result: yes
configure:3819: checking for stdlib.h
configure:3859: result: yes
configure:3819: checking for string.h
configure:3859: result: yes
configure:3819: checking for memory.h
configure:3833: afl-gcc -E  conftest.c
configure:3839: $? = 0
configure:3859: result: yes
configure:3819: checking for strings.h
configure:3859: result: yes
configure:3819: checking for inttypes.h
configure:3833: afl-gcc -E  conftest.c
configure:3839: $? = 0
configure:3859: result: yes
configure:3819: checking for stdint.h
configure:3833: afl-gcc -E  conftest.c
configure:3839: $? = 0
configure:3859: result: yes
configure:3819: checking for unistd.h
configure:3859: result: yes
configure:3870: checking for uintptr_t
configure:3895: afl-gcc -c -g -O2  conftest.c >&5
configure:3898: $? = 0
configure:3901: test -s conftest.o
configure:3904: $? = 0
configure:3915: result: yes
configure:3936: checking for pid_t
configure:3961: afl-gcc -c -g -O2  conftest.c >&5
configure:3964: $? = 0
configure:3967: test -s conftest.o
configure:3970: $? = 0
configure:3981: result: yes
configure:4436: checking for library containing strerror
configure:4472: afl-gcc -o conftest -g -O2   conftest.c  >&5
configure:4475: $? = 0
configure:4478: test -s conftest
configure:4481: $? = 0
configure:4545: result: none required
configure:4556: checking for asprintf
configure:4613: afl-gcc -o conftest -g -O2   conftest.c  >&5
configure:4616: $? = 0
configure:4619: test -s conftest
configure:4622: $? = 0
configure:4633: result: yes
configure:4556: checking for atexit
configure:4613: afl-gcc -o conftest -g -O2   conftest.c  >&5
configure:4616: $? = 0
configure:4619: test -s conftest
configure:4622: $? = 0
configure:4633: result: yes
configure:4556: checking for basename
configure:4613: afl-gcc -o conftest -g -O2   conftest.c  >&5
configure:4616: $? = 0
configure:4619: test -s conftest
configure:4622: $? = 0
configure:4633: result: yes
configure:4556: checking for bcmp
configure:4613: afl-gcc -o conftest -g -O2   conftest.c  >&5
configure:4626:6: warning: conflicting types for built-in function 'bcmp'; expected 'int(const void *, const void *, long unsigned int)' [-Wbuiltin-declaration-mismatch]
 4626 |   eval "$as_ac_var=yes"
      |      ^~~~
configure:4616: $? = 0
configure:4619: test -s conftest
configure:4622: $? = 0
configure:4633: result: yes
configure:4556: checking for bcopy
configure:4613: afl-gcc -o conftest -g -O2   conftest.c  >&5
configure:4627:6: warning: conflicting types for built-in function 'bcopy'; expected 'void(const void *, void *, long unsigned int)' [-Wbuiltin-declaration-mismatch]
 4627 | else
      |      ^    
configure:4616: $? = 0
configure:4619: test -s conftest
configure:4622: $? = 0
configure:4633: result: yes
configure:4556: checking for bsearch
configure:4613: afl-gcc -o conftest -g -O2   conftest.c  >&5
configure:4616: $? = 0
configure:4619: test -s conftest
configure:4622: $? = 0
configure:4633: result: yes
configure:4556: checking for bzero
configure:4613: afl-gcc -o conftest -g -O2   conftest.c  >&5
configure:4629:6: warning: conflicting types for built-in function 'bzero'; expected 'void(void *, long unsigned int)' [-Wbuiltin-declaration-mismatch]
 4629 | sed 's/^/| /' conftest.$ac_ext >&5
      |      ^~~~~
configure:4616: $? = 0
configure:4619: test -s conftest
configure:4622: $? = 0
configure:4633: result: yes
configure:4556: checking for calloc
configure:4613: afl-gcc -o conftest -g -O2   conftest.c  >&5
configure:4630:6: warning: conflicting types for built-in function 'calloc'; expected 'void *(long unsigned int,  long unsigned int)' [-Wbuiltin-declaration-mismatch]
 4630 | 
      |      ^     
configure:4620:1: note: 'calloc' is declared in header '<stdlib.h>'
 4619 |   (exit $ac_status); } &&
  +++ |+#include <stdlib.h>
 4620 |          { ac_try='test -s conftest$ac_exeext'
configure:4616: $? = 0
configure:4619: test -s conftest
configure:4622: $? = 0
configure:4633: result: yes
configure:4556: checking for clock
configure:4613: afl-gcc -o conftest -g -O2   conftest.c  >&5
configure:4616: $? = 0
configure:4619: test -s conftest
configure:4622: $? = 0
configure:4633: result: yes
configure:4556: checking for ffs
configure:4613: afl-gcc -o conftest -g -O2   conftest.c  >&5
configure:4632:6: warning: conflicting types for built-in function 'ffs'; expected 'int(int)' [-Wbuiltin-declaration-mismatch]
 4632 | fi
      |      ^  
configure:4616: $? = 0
configure:4619: test -s conftest
configure:4622: $? = 0
configure:4633: result: yes
configure:4556: checking for getcwd
configure:4613: afl-gcc -o conftest -g -O2   conftest.c  >&5
configure:4616: $? = 0
configure:4619: test -s conftest
configure:4622: $? = 0
configure:4633: result: yes
configure:4556: checking for getpagesize
configure:4613: afl-gcc -o conftest -g -O2   conftest.c  >&5
configure:4616: $? = 0
configure:4619: test -s conftest
configure:4622: $? = 0
configure:4633: result: yes
configure:4556: checking for index
configure:4613: afl-gcc -o conftest -g -O2   conftest.c  >&5
configure:4635:6: warning: conflicting types for built-in function 'index'; expected 'char *(const char *, int)' [-Wbuiltin-declaration-mismatch]
 4635 | echo "$as_me:$LINENO: result: `eval echo '${'$as_ac_var'}'`" >&5
      |      ^~~~~
configure:4616: $? = 0
configure:4619: test -s conftest
configure:4622: $? = 0
configure:4633: result: yes
configure:4556: checking for insque
configure:4613: afl-gcc -o conftest -g -O2   conftest.c  >&5
configure:4616: $? = 0
configure:4619: test -s conftest
configure:4622: $? = 0
configure:4633: result: yes
configure:4556: checking for memchr
configure:4613: afl-gcc -o conftest -g -O2   conftest.c  >&5
configure:4637:6: warning: conflicting types for built-in function 'memchr'; expected 'void *(const void *, int,  long unsigned int)' [-Wbuiltin-declaration-mismatch]
 4637 | if test `eval echo '${'$as_ac_var'}'` = yes; then
      |      ^~~~~~
configure:4627:1: note: 'memchr' is declared in header '<string.h>'
 4626 |   eval "$as_ac_var=yes"
  +++ |+#include <string.h>
 4627 | else
configure:4616: $? = 0
configure:4619: test -s conftest
configure:4622: $? = 0
configure:4633: result: yes
configure:4556: checking for memcmp
configure:4613: afl-gcc -o conftest -g -O2   conftest.c  >&5
configure:4638:6: warning: conflicting types for built-in function 'memcmp'; expected 'int(const void *, const void *, long unsigned int)' [-Wbuiltin-declaration-mismatch]
 4638 |   cat >>confdefs.h <<_ACEOF
      |      ^~~~~~
configure:4628:1: note: 'memcmp' is declared in header '<string.h>'
 4627 | else
  +++ |+#include <string.h>
 4628 |   echo "$as_me: failed program was:" >&5
configure:4616: $? = 0
configure:4619: test -s conftest
configure:4622: $? = 0
configure:4633: result: yes
configure:4556: checking for memcpy
configure:4613: afl-gcc -o conftest -g -O2   conftest.c  >&5
configure:4639:6: warning: conflicting types for built-in function 'memcpy'; expected 'void *(void *, const void *, long unsigned int)' [-Wbuiltin-declaration-mismatch]
 4639 | #define `echo "HAVE_$ac_func" | $as_tr_cpp` 1
      |      ^~~~~~
configure:4629:1: note: 'memcpy' is declared in header '<string.h>'
 4628 |   echo "$as_me: failed program was:" >&5
  +++ |+#include <string.h>
 4629 | sed 's/^/| /' conftest.$ac_ext >&5
configure:4616: $? = 0
configure:4619: test -s conftest
configure:4622: $? = 0
configure:4633: result: yes
configure:4556: checking for memmove
configure:4613: afl-gcc -o conftest -g -O2   conftest.c  >&5
configure:4640:6: warning: conflicting types for built-in function 'memmove'; expected 'void *(void *, const void *, long unsigned int)' [-Wbuiltin-declaration-mismatch]
 4640 | _ACEOF
      |      ^      
configure:4630:1: note: 'memmove' is declared in header '<string.h>'
 4629 | sed 's/^/| /' conftest.$ac_ext >&5
  +++ |+#include <string.h>
 4630 | 
configure:4616: $? = 0
configure:4619: test -s conftest
configure:4622: $? = 0
configure:4633: result: yes
configure:4556: checking for mempcpy
configure:4613: afl-gcc -o conftest -g -O2   conftest.c  >&5
configure:4641:6: warning: conflicting types for built-in function 'mempcpy'; expected 'void *(void *, const void *, long unsigned int)' [-Wbuiltin-declaration-mismatch]
 4641 | 
      |      ^      
configure:4616: $? = 0
configure:4619: test -s conftest
configure:4622: $? = 0
configure:4633: result: yes
configure:4556: checking for memset
configure:4613: afl-gcc -o conftest -g -O2   conftest.c  >&5
configure:4642:6: warning: conflicting types for built-in function 'memset'; expected 'void *(void *, int,  long unsigned int)' [-Wbuiltin-declaration-mismatch]
 4642 | else
      |      ^     
configure:4632:1: note: 'memset' is declared in header '<string.h>'
 4631 | eval "$as_ac_var=no"
  +++ |+#include <string.h>
 4632 | fi
configure:4616: $? = 0
configure:4619: test -s conftest
configure:4622: $? = 0
configure:4633: result: yes
configure:4556: checking for mkstemps
configure:4613: afl-gcc -o conftest -g -O2   conftest.c  >&5
configure:4616: $? = 0
configure:4619: test -s conftest
configure:4622: $? = 0
configure:4633: result: yes
configure:4556: checking for putenv
configure:4613: afl-gcc -o conftest -g -O2   conftest.c  >&5
configure:4616: $? = 0
configure:4619: test -s conftest
configure:4622: $? = 0
configure:4633: result: yes
configure:4556: checking for random
configure:4613: afl-gcc -o conftest -g -O2   conftest.c  >&5
configure:4616: $? = 0
configure:4619: test -s conftest
configure:4622: $? = 0
configure:4633: result: yes
configure:4556: checking for rename
configure:4613: afl-gcc -o conftest -g -O2   conftest.c  >&5
configure:4616: $? = 0
configure:4619: test -s conftest
configure:4622: $? = 0
configure:4633: result: yes
configure:4556: checking for rindex
configure:4613: afl-gcc -o conftest -g -O2   conftest.c  >&5
configure:4647:6: warning: conflicting types for built-in function 'rindex'; expected 'char *(const char *, int)' [-Wbuiltin-declaration-mismatch]
 4647 | 
      |      ^     
configure:4616: $? = 0
configure:4619: test -s conftest
configure:4622: $? = 0
configure:4633: result: yes
configure:4556: checking for setenv
configure:4613: afl-gcc -o conftest -g -O2   conftest.c  >&5
configure:4616: $? = 0
configure:4619: test -s conftest
configure:4622: $? = 0
configure:4633: result: yes
configure:4556: checking for snprintf
configure:4613: afl-gcc -o conftest -g -O2   conftest.c  >&5
configure:4649:6: warning: conflicting types for built-in function 'snprintf'; expected 'int(char *, long unsigned int,  const char *, ...)' [-Wbuiltin-declaration-mismatch]
 4649 | echo $ECHO_N "checking whether alloca needs Cray hooks... $ECHO_C" >&6
      |      ^~~~~~~~
configure:4639:1: note: 'snprintf' is declared in header '<stdio.h>'
 4638 |   cat >>confdefs.h <<_ACEOF
  +++ |+#include <stdio.h>
 4639 | #define `echo "HAVE_$ac_func" | $as_tr_cpp` 1
configure:4616: $? = 0
configure:4619: test -s conftest
configure:4622: $? = 0
configure:4633: result: yes
configure:4556: checking for sigsetmask
configure:4613: afl-gcc -o conftest -g -O2   conftest.c  >&5
configure:4616: $? = 0
configure:4619: test -s conftest
configure:4622: $? = 0
configure:4633: result: yes
configure:4556: checking for stpcpy
configure:4613: afl-gcc -o conftest -g -O2   conftest.c  >&5
configure:4651:6: warning: conflicting types for built-in function 'stpcpy'; expected 'char *(char *, const char *)' [-Wbuiltin-declaration-mismatch]
 4651 |   echo $ECHO_N "(cached) $ECHO_C" >&6
      |      ^~~~~~
configure:4616: $? = 0
configure:4619: test -s conftest
configure:4622: $? = 0
configure:4633: result: yes
configure:4556: checking for stpncpy
configure:4613: afl-gcc -o conftest -g -O2   conftest.c  >&5
configure:4652:6: warning: conflicting types for built-in function 'stpncpy'; expected 'char *(char *, const char *, long unsigned int)' [-Wbuiltin-declaration-mismatch]
 4652 | else
      |      ^      
configure:4616: $? = 0
configure:4619: test -s conftest
configure:4622: $? = 0
configure:4633: result: yes
configure:4556: checking for strcasecmp
configure:4613: afl-gcc -o conftest -g -O2   conftest.c  >&5
configure:4653:6: warning: conflicting types for built-in function 'strcasecmp'; expected 'int(const char *, const char *)' [-Wbuiltin-declaration-mismatch]
 4653 |   cat >conftest.$ac_ext <<_ACEOF
      |      ^~~~~~~~~~
configure:4616: $? = 0
configure:4619: test -s conftest
configure:4622: $? = 0
configure:4633: result: yes
configure:4556: checking for strchr
configure:4613: afl-gcc -o conftest -g -O2   conftest.c  >&5
configure:4654:6: warning: conflicting types for built-in function 'strchr'; expected 'char *(const char *, int)' [-Wbuiltin-declaration-mismatch]
 4654 | #line $LINENO "configure"
      |      ^~~~~~
configure:4644:1: note: 'strchr' is declared in header '<string.h>'
 4643 |   LIBOBJS="$LIBOBJS $ac_func.$ac_objext"
  +++ |+#include <string.h>
 4644 | fi
configure:4616: $? = 0
configure:4619: test -s conftest
configure:4622: $? = 0
configure:4633: result: yes
configure:4556: checking for strdup
configure:4613: afl-gcc -o conftest -g -O2   conftest.c  >&5
configure:4655:6: warning: conflicting types for built-in function 'strdup'; expected 'char *(const char *)' [-Wbuiltin-declaration-mismatch]
 4655 | /* confdefs.h.  */
      |      ^~~~~~
configure:4616: $? = 0
configure:4619: test -s conftest
configure:4622: $? = 0
configure:4633: result: yes
configure:4556: checking for strncasecmp
configure:4613: afl-gcc -o conftest -g -O2   conftest.c  >&5
configure:4656:6: warning: conflicting types for built-in function 'strncasecmp'; expected 'int(const char *, const char *, long unsigned int)' [-Wbuiltin-declaration-mismatch]
 4656 | _ACEOF
      |      ^          
configure:4616: $? = 0
configure:4619: test -s conftest
configure:4622: $? = 0
configure:4633: result: yes
configure:4556: checking for strrchr
configure:4613: afl-gcc -o conftest -g -O2   conftest.c  >&5
configure:4657:6: warning: conflicting types for built-in function 'strrchr'; expected 'char *(const char *, int)' [-Wbuiltin-declaration-mismatch]
 4657 | cat confdefs.h >>conftest.$ac_ext
      |      ^~~~~~~
configure:4647:1: note: 'strrchr' is declared in header '<string.h>'
 4646 | 
  +++ |+#include <string.h>
 4647 | 
configure:4616: $? = 0
configure:4619: test -s conftest
configure:4622: $? = 0
configure:4633: result: yes
configure:4556: checking for strstr
configure:4613: afl-gcc -o conftest -g -O2   conftest.c  >&5
configure:4658:6: warning: conflicting types for built-in function 'strstr'; expected 'char *(const char *, const char *)' [-Wbuiltin-declaration-mismatch]
 4658 | cat >>conftest.$ac_ext <<_ACEOF
      |      ^~~~~~
configure:4648:1: note: 'strstr' is declared in header '<string.h>'
 4647 | 
  +++ |+#include <string.h>
 4648 |   echo "$as_me:$LINENO: checking whether alloca needs Cray hooks" >&5
configure:4616: $? = 0
configure:4619: test -s conftest
configure:4622: $? = 0
configure:4633: result: yes
configure:4556: checking for strtod
configure:4613: afl-gcc -o conftest -g -O2   conftest.c  >&5
configure:4616: $? = 0
configure:4619: test -s conftest
configure:4622: $? = 0
configure:4633: result: yes
configure:4556: checking for strtol
configure:4613: afl-gcc -o conftest -g -O2   conftest.c  >&5
configure:4616: $? = 0
configure:4619: test -s conftest
configure:4622: $? = 0
configure:4633: result: yes
configure:4556: checking for strtoul
configure:4613: afl-gcc -o conftest -g -O2   conftest.c  >&5
configure:4616: $? = 0
configure:4619: test -s conftest
configure:4622: $? = 0
configure:4633: result: yes
configure:4556: checking for tmpnam
configure:4613: afl-gcc -o conftest -g -O2   conftest.c  >&5
/usr/bin/ld: /tmp/cciHk2nr.o:/home/student/linux-vr-and-exploitation/Lab_Templates/lab_02_afl/binutils-2.15/libiberty/configure:4669: warning: the use of `tmpnam' is dangerous, better use `mkstemp'
configure:4616: $? = 0
configure:4619: test -s conftest
configure:4622: $? = 0
configure:4633: result: yes
configure:4556: checking for vasprintf
configure:4613: afl-gcc -o conftest -g -O2   conftest.c  >&5
configure:4616: $? = 0
configure:4619: test -s conftest
configure:4622: $? = 0
configure:4633: result: yes
configure:4556: checking for vfprintf
configure:4613: afl-gcc -o conftest -g -O2   conftest.c  >&5
configure:4664:6: warning: conflicting types for built-in function 'vfprintf'; expected 'int(void *, const char *, __va_list_tag *)' [-Wbuiltin-declaration-mismatch]
 4664 | #endif
      |      ^       
configure:4654:1: note: 'vfprintf' is declared in header '<stdio.h>'
 4653 |   cat >conftest.$ac_ext <<_ACEOF
  +++ |+#include <stdio.h>
 4654 | #line $LINENO "configure"
configure:4616: $? = 0
configure:4619: test -s conftest
configure:4622: $? = 0
configure:4633: result: yes
configure:4556: checking for vprintf
configure:4613: afl-gcc -o conftest -g -O2   conftest.c  >&5
configure:4665:6: warning: conflicting types for built-in function 'vprintf'; expected 'int(const char *, __va_list_tag *)' [-Wbuiltin-declaration-mismatch]
 4665 | 
      |      ^      
configure:4655:1: note: 'vprintf' is declared in header '<stdio.h>'
 4654 | #line $LINENO "configure"
  +++ |+#include <stdio.h>
 4655 | /* confdefs.h.  */
configure:4616: $? = 0
configure:4619: test -s conftest
configure:4622: $? = 0
configure:4633: result: yes
configure:4556: checking for vsnprintf
configure:4613: afl-gcc -o conftest -g -O2   conftest.c  >&5
configure:4666:6: warning: conflicting types for built-in function 'vsnprintf'; expected 'int(char *, long unsigned int,  const char *, __va_list_tag *)' [-Wbuiltin-declaration-mismatch]
 4666 | _ACEOF
      |      ^        
configure:4656:1: note: 'vsnprintf' is declared in header '<stdio.h>'
 4655 | /* confdefs.h.  */
  +++ |+#include <stdio.h>
 4656 | _ACEOF
configure:4616: $? = 0
configure:4619: test -s conftest
configure:4622: $? = 0
configure:4633: result: yes
configure:4556: checking for vsprintf
configure:4613: afl-gcc -o conftest -g -O2   conftest.c  >&5
configure:4667:6: warning: conflicting types for built-in function 'vsprintf'; expected 'int(char *, const char *, __va_list_tag *)' [-Wbuiltin-declaration-mismatch]
 4667 | if (eval "$ac_cpp conftest.$ac_ext") 2>&5 |
      |      ^~~~~~~~
configure:4657:1: note: 'vsprintf' is declared in header '<stdio.h>'
 4656 | _ACEOF
  +++ |+#include <stdio.h>
 4657 | cat confdefs.h >>conftest.$ac_ext
configure:4616: $? = 0
configure:4619: test -s conftest
configure:4622: $? = 0
configure:4633: result: yes
configure:4556: checking for waitpid
configure:4613: afl-gcc -o conftest -g -O2   conftest.c  >&5
configure:4616: $? = 0
configure:4619: test -s conftest
configure:4622: $? = 0
configure:4633: result: yes
configure:4646: checking whether alloca needs Cray hooks
configure:4674: result: no
configure:4769: checking stack direction for C alloca
configure:4802: afl-gcc -o conftest -g -O2   conftest.c  >&5
configure:4862:1: warning: return type defaults to 'int' [-Wimplicit-int]
 4862 |     ac_cpp_err=$ac_c_preproc_warn_flag
      | ^   ~~~~~~~~~~~~~~~~
configure:4874:1: warning: return type defaults to 'int' [-Wimplicit-int]
 4874 | 
      | ^   
configure: In function 'main':
configure:4876:3: warning: implicit declaration of function 'exit' [-Wimplicit-function-declaration]
 4876 | fi
      |   ^   
configure:4876:3: warning: incompatible implicit declaration of built-in function 'exit'
configure:4777:1: note: include '<stdlib.h>' or provide a declaration of 'exit'
 4776 |   if test "$cross_compiling" = yes; then
  +++ |+#include <stdlib.h>
 4777 |   ac_cv_c_stack_direction=0
configure:4805: $? = 0
configure:4807: ./conftest
configure:4810: $? = 1
configure: program exited with status 1
configure: failed program was:
| #line 4777 "configure"
| /* confdefs.h.  */
| 
| #define PACKAGE_NAME ""
| #define PACKAGE_TARNAME ""
| #define PACKAGE_VERSION ""
| #define PACKAGE_STRING ""
| #define PACKAGE_BUGREPORT ""
| #define BYTEORDER 1234
| #define HAVE_SYS_FILE_H 1
| #define HAVE_SYS_PARAM_H 1
| #define HAVE_LIMITS_H 1
| #define HAVE_STDLIB_H 1
| #define HAVE_MALLOC_H 1
| #define HAVE_STRING_H 1
| #define HAVE_UNISTD_H 1
| #define HAVE_STRINGS_H 1
| #define HAVE_SYS_TIME_H 1
| #define HAVE_TIME_H 1
| #define HAVE_SYS_RESOURCE_H 1
| #define HAVE_SYS_STAT_H 1
| #define HAVE_SYS_MMAN_H 1
| #define HAVE_FCNTL_H 1
| #define HAVE_ALLOCA_H 1
| #define HAVE_SYS_SYSINFO_H 1
| #define HAVE_SYS_SYSCTL_H 1
| #define HAVE_SYS_WAIT_H 1
| #define TIME_WITH_SYS_TIME 1
| #define STDC_HEADERS 1
| #define HAVE_SYS_TYPES_H 1
| #define HAVE_SYS_STAT_H 1
| #define HAVE_STDLIB_H 1
| #define HAVE_STRING_H 1
| #define HAVE_MEMORY_H 1
| #define HAVE_STRINGS_H 1
| #define HAVE_INTTYPES_H 1
| #define HAVE_STDINT_H 1
| #define HAVE_UNISTD_H 1
| #define HAVE_UINTPTR_T 1
| #define HAVE_ASPRINTF 1
| #define HAVE_ATEXIT 1
| #define HAVE_BASENAME 1
| #define HAVE_BCMP 1
| #define HAVE_BCOPY 1
| #define HAVE_BSEARCH 1
| #define HAVE_BZERO 1
| #define HAVE_CALLOC 1
| #define HAVE_CLOCK 1
| #define HAVE_FFS 1
| #define HAVE_GETCWD 1
| #define HAVE_GETPAGESIZE 1
| #define HAVE_INDEX 1
| #define HAVE_INSQUE 1
| #define HAVE_MEMCHR 1
| #define HAVE_MEMCMP 1
| #define HAVE_MEMCPY 1
| #define HAVE_MEMMOVE 1
| #define HAVE_MEMPCPY 1
| #define HAVE_MEMSET 1
| #define HAVE_MKSTEMPS 1
| #define HAVE_PUTENV 1
| #define HAVE_RANDOM 1
| #define HAVE_RENAME 1
| #define HAVE_RINDEX 1
| #define HAVE_SETENV 1
| #define HAVE_SNPRINTF 1
| #define HAVE_SIGSETMASK 1
| #define HAVE_STPCPY 1
| #define HAVE_STPNCPY 1
| #define HAVE_STRCASECMP 1
| #define HAVE_STRCHR 1
| #define HAVE_STRDUP 1
| #define HAVE_STRNCASECMP 1
| #define HAVE_STRRCHR 1
| #define HAVE_STRSTR 1
| #define HAVE_STRTOD 1
| #define HAVE_STRTOL 1
| #define HAVE_STRTOUL 1
| #define HAVE_TMPNAM 1
| #define HAVE_VASPRINTF 1
| #define HAVE_VFPRINTF 1
| #define HAVE_VPRINTF 1
| #define HAVE_VSNPRINTF 1
| #define HAVE_VSPRINTF 1
| #define HAVE_WAITPID 1
| /* end confdefs.h.  */
| find_stack_direction ()
| {
|   static char *addr = 0;
|   auto char dummy;
|   if (addr == 0)
|     {
|       addr = &dummy;
|       return find_stack_direction ();
|     }
|   else
|     return (&dummy > addr) ? 1 : -1;
| }
| main ()
| {
|   exit (find_stack_direction() < 0);
| }
configure:4824: result: -1
configure:4837: checking for unistd.h
configure:4877: result: yes
configure:4837: checking for vfork.h
configure:4851: afl-gcc -E  conftest.c
configure:4929:10: fatal error: vfork.h: No such file or directory
 4929 | char $ac_func ();
      |          ^~~~~~~~ 
compilation terminated.
configure:4857: $? = 1
configure: failed program was:
| #line 4842 "configure"
| /* confdefs.h.  */
| 
| #define PACKAGE_NAME ""
| #define PACKAGE_TARNAME ""
| #define PACKAGE_VERSION ""
| #define PACKAGE_STRING ""
| #define PACKAGE_BUGREPORT ""
| #define BYTEORDER 1234
| #define HAVE_SYS_FILE_H 1
| #define HAVE_SYS_PARAM_H 1
| #define HAVE_LIMITS_H 1
| #define HAVE_STDLIB_H 1
| #define HAVE_MALLOC_H 1
| #define HAVE_STRING_H 1
| #define HAVE_UNISTD_H 1
| #define HAVE_STRINGS_H 1
| #define HAVE_SYS_TIME_H 1
| #define HAVE_TIME_H 1
| #define HAVE_SYS_RESOURCE_H 1
| #define HAVE_SYS_STAT_H 1
| #define HAVE_SYS_MMAN_H 1
| #define HAVE_FCNTL_H 1
| #define HAVE_ALLOCA_H 1
| #define HAVE_SYS_SYSINFO_H 1
| #define HAVE_SYS_SYSCTL_H 1
| #define HAVE_SYS_WAIT_H 1
| #define TIME_WITH_SYS_TIME 1
| #define STDC_HEADERS 1
| #define HAVE_SYS_TYPES_H 1
| #define HAVE_SYS_STAT_H 1
| #define HAVE_STDLIB_H 1
| #define HAVE_STRING_H 1
| #define HAVE_MEMORY_H 1
| #define HAVE_STRINGS_H 1
| #define HAVE_INTTYPES_H 1
| #define HAVE_STDINT_H 1
| #define HAVE_UNISTD_H 1
| #define HAVE_UINTPTR_T 1
| #define HAVE_ASPRINTF 1
| #define HAVE_ATEXIT 1
| #define HAVE_BASENAME 1
| #define HAVE_BCMP 1
| #define HAVE_BCOPY 1
| #define HAVE_BSEARCH 1
| #define HAVE_BZERO 1
| #define HAVE_CALLOC 1
| #define HAVE_CLOCK 1
| #define HAVE_FFS 1
| #define HAVE_GETCWD 1
| #define HAVE_GETPAGESIZE 1
| #define HAVE_INDEX 1
| #define HAVE_INSQUE 1
| #define HAVE_MEMCHR 1
| #define HAVE_MEMCMP 1
| #define HAVE_MEMCPY 1
| #define HAVE_MEMMOVE 1
| #define HAVE_MEMPCPY 1
| #define HAVE_MEMSET 1
| #define HAVE_MKSTEMPS 1
| #define HAVE_PUTENV 1
| #define HAVE_RANDOM 1
| #define HAVE_RENAME 1
| #define HAVE_RINDEX 1
| #define HAVE_SETENV 1
| #define HAVE_SNPRINTF 1
| #define HAVE_SIGSETMASK 1
| #define HAVE_STPCPY 1
| #define HAVE_STPNCPY 1
| #define HAVE_STRCASECMP 1
| #define HAVE_STRCHR 1
| #define HAVE_STRDUP 1
| #define HAVE_STRNCASECMP 1
| #define HAVE_STRRCHR 1
| #define HAVE_STRSTR 1
| #define HAVE_STRTOD 1
| #define HAVE_STRTOL 1
| #define HAVE_STRTOUL 1
| #define HAVE_TMPNAM 1
| #define HAVE_VASPRINTF 1
| #define HAVE_VFPRINTF 1
| #define HAVE_VPRINTF 1
| #define HAVE_VSNPRINTF 1
| #define HAVE_VSPRINTF 1
| #define HAVE_WAITPID 1
| #define STACK_DIRECTION -1
| #define HAVE_UNISTD_H 1
| /* end confdefs.h.  */
| #include <vfork.h>
configure:4877: result: no
configure:4892: checking for fork
configure:4949: afl-gcc -o conftest -g -O2   conftest.c  >&5
configure:5007:6: warning: conflicting types for built-in function 'fork'; expected 'int(void)' [-Wbuiltin-declaration-mismatch]
 5007 |   ac_status=$?
      |      ^~~~
configure:4952: $? = 0
configure:4955: test -s conftest
configure:4958: $? = 0
configure:4969: result: yes
configure:4892: checking for vfork
configure:4949: afl-gcc -o conftest -g -O2   conftest.c  >&5
configure:4952: $? = 0
configure:4955: test -s conftest
configure:4958: $? = 0
configure:4969: result: yes
configure:4980: checking for working fork
configure:5003: afl-gcc -o conftest -g -O2   conftest.c  >&5
conftest.c: In function 'main':
conftest.c:9:13: warning: implicit declaration of function 'fork' [-Wimplicit-function-declaration]
    9 |         if (fork() < 0)
      |             ^~~~
conftest.c:10:11: warning: implicit declaration of function 'exit' [-Wimplicit-function-declaration]
   10 |           exit (1);
      |           ^~~~
conftest.c:10:11: warning: incompatible implicit declaration of built-in function 'exit'
conftest.c:3:1: note: include '<stdlib.h>' or provide a declaration of 'exit'
    2 |       #include <sys/types.h>
  +++ |+#include <stdlib.h>
    3 |       #if HAVE_UNISTD_H
conftest.c:11:9: warning: incompatible implicit declaration of built-in function 'exit'
   11 |         exit (0);
      |         ^~~~
conftest.c:11:9: note: include '<stdlib.h>' or provide a declaration of 'exit'
configure:5006: $? = 0
configure:5008: ./conftest
configure:5011: $? = 0
configure:5025: result: yes
configure:5046: checking for working vfork
configure:5180: result: yes
configure:5317: checking for _doprnt
configure:5374: afl-gcc -o conftest -g -O2   conftest.c  >&5
/usr/bin/ld: /tmp/cc39ggRt.o:/home/student/linux-vr-and-exploitation/Lab_Templates/lab_02_afl/binutils-2.15/libiberty/configure:5443: undefined reference to `_doprnt'
/usr/bin/ld: /tmp/cc39ggRt.o: in function `main':
/home/student/linux-vr-and-exploitation/Lab_Templates/lab_02_afl/binutils-2.15/libiberty/configure:5452: undefined reference to `_doprnt'
collect2: error: ld returned 1 exit status
configure:5377: $? = 1
configure: failed program was:
| #line 5327 "configure"
| /* confdefs.h.  */
| 
| #define PACKAGE_NAME ""
| #define PACKAGE_TARNAME ""
| #define PACKAGE_VERSION ""
| #define PACKAGE_STRING ""
| #define PACKAGE_BUGREPORT ""
| #define BYTEORDER 1234
| #define HAVE_SYS_FILE_H 1
| #define HAVE_SYS_PARAM_H 1
| #define HAVE_LIMITS_H 1
| #define HAVE_STDLIB_H 1
| #define HAVE_MALLOC_H 1
| #define HAVE_STRING_H 1
| #define HAVE_UNISTD_H 1
| #define HAVE_STRINGS_H 1
| #define HAVE_SYS_TIME_H 1
| #define HAVE_TIME_H 1
| #define HAVE_SYS_RESOURCE_H 1
| #define HAVE_SYS_STAT_H 1
| #define HAVE_SYS_MMAN_H 1
| #define HAVE_FCNTL_H 1
| #define HAVE_ALLOCA_H 1
| #define HAVE_SYS_SYSINFO_H 1
| #define HAVE_SYS_SYSCTL_H 1
| #define HAVE_SYS_WAIT_H 1
| #define TIME_WITH_SYS_TIME 1
| #define STDC_HEADERS 1
| #define HAVE_SYS_TYPES_H 1
| #define HAVE_SYS_STAT_H 1
| #define HAVE_STDLIB_H 1
| #define HAVE_STRING_H 1
| #define HAVE_MEMORY_H 1
| #define HAVE_STRINGS_H 1
| #define HAVE_INTTYPES_H 1
| #define HAVE_STDINT_H 1
| #define HAVE_UNISTD_H 1
| #define HAVE_UINTPTR_T 1
| #define HAVE_ASPRINTF 1
| #define HAVE_ATEXIT 1
| #define HAVE_BASENAME 1
| #define HAVE_BCMP 1
| #define HAVE_BCOPY 1
| #define HAVE_BSEARCH 1
| #define HAVE_BZERO 1
| #define HAVE_CALLOC 1
| #define HAVE_CLOCK 1
| #define HAVE_FFS 1
| #define HAVE_GETCWD 1
| #define HAVE_GETPAGESIZE 1
| #define HAVE_INDEX 1
| #define HAVE_INSQUE 1
| #define HAVE_MEMCHR 1
| #define HAVE_MEMCMP 1
| #define HAVE_MEMCPY 1
| #define HAVE_MEMMOVE 1
| #define HAVE_MEMPCPY 1
| #define HAVE_MEMSET 1
| #define HAVE_MKSTEMPS 1
| #define HAVE_PUTENV 1
| #define HAVE_RANDOM 1
| #define HAVE_RENAME 1
| #define HAVE_RINDEX 1
| #define HAVE_SETENV 1
| #define HAVE_SNPRINTF 1
| #define HAVE_SIGSETMASK 1
| #define HAVE_STPCPY 1
| #define HAVE_STPNCPY 1
| #define HAVE_STRCASECMP 1
| #define HAVE_STRCHR 1
| #define HAVE_STRDUP 1
| #define HAVE_STRNCASECMP 1
| #define HAVE_STRRCHR 1
| #define HAVE_STRSTR 1
| #define HAVE_STRTOD 1
| #define HAVE_STRTOL 1
| #define HAVE_STRTOUL 1
| #define HAVE_TMPNAM 1
| #define HAVE_VASPRINTF 1
| #define HAVE_VFPRINTF 1
| #define HAVE_VPRINTF 1
| #define HAVE_VSNPRINTF 1
| #define HAVE_VSPRINTF 1
| #define HAVE_WAITPID 1
| #define STACK_DIRECTION -1
| #define HAVE_UNISTD_H 1
| #define HAVE_FORK 1
| #define HAVE_VFORK 1
| #define HAVE_WORKING_VFORK 1
| #define HAVE_WORKING_FORK 1
| /* end confdefs.h.  */
| /* System header to define __stub macros and hopefully few prototypes,
|     which can conflict with char _doprnt (); below.
|     Prefer <limits.h> to <assert.h> if __STDC__ is defined, since
|     <limits.h> exists even on freestanding compilers.  Under hpux,
|     including <limits.h> includes <sys/time.h> and causes problems
|     checking for functions defined therein.  */
| #if defined (__STDC__) && !defined (_HPUX_SOURCE)
| # include <limits.h>
| #else
| # include <assert.h>
| #endif
| /* Override any gcc2 internal prototype to avoid an error.  */
| #ifdef __cplusplus
| extern "C"
| {
| #endif
| /* We use char because int might match the return type of a gcc2
|    builtin and then its argument prototype would still apply.  */
| char _doprnt ();
| /* The GNU C library defines this for functions which it implements
|     to always fail with ENOSYS.  Some functions are actually named
|     something starting with __ and the normal name is an alias.  */
| #if defined (__stub__doprnt) || defined (__stub____doprnt)
| choke me
| #else
| char (*f) () = _doprnt;
| #endif
| #ifdef __cplusplus
| }
| #endif
| 
| int
| main ()
| {
| return f != _doprnt;
|   ;
|   return 0;
| }
configure:5394: result: no
configure:5407: checking for sys_errlist
configure:5434: afl-gcc -o conftest -g -O2   conftest.c  >&5
/usr/bin/ld: /tmp/cc8fGMjD.o: in function `main':
/home/student/linux-vr-and-exploitation/Lab_Templates/lab_02_afl/binutils-2.15/libiberty/configure:5512: warning: `sys_errlist' is deprecated; use `strerror' or `strerror_r' instead
configure:5437: $? = 0
configure:5440: test -s conftest
configure:5443: $? = 0
configure:5456: result: yes
configure:5407: checking for sys_nerr
configure:5434: afl-gcc -o conftest -g -O2   conftest.c  >&5
/usr/bin/ld: /tmp/cccfQHHw.o: in function `main':
/home/student/linux-vr-and-exploitation/Lab_Templates/lab_02_afl/binutils-2.15/libiberty/configure:5513: warning: `sys_nerr' is deprecated; use `strerror' or `strerror_r' instead
configure:5437: $? = 0
configure:5440: test -s conftest
configure:5443: $? = 0
configure:5456: result: yes
configure:5407: checking for sys_siglist
configure:5434: afl-gcc -o conftest -g -O2   conftest.c  >&5
configure:5437: $? = 0
configure:5440: test -s conftest
configure:5443: $? = 0
configure:5456: result: yes
configure:5471: checking for external symbol _system_configuration
configure:5490: afl-gcc -c -g -O2  conftest.c >&5
configure:5567:10: fatal error: sys/systemcfg.h: No such file or directory
 5567 | #ifdef __cplusplus
      |          ^~~~~~~~~        
compilation terminated.
configure:5493: $? = 1
configure: failed program was:
| #line 5473 "configure"
| /* confdefs.h.  */
| 
| #define PACKAGE_NAME ""
| #define PACKAGE_TARNAME ""
| #define PACKAGE_VERSION ""
| #define PACKAGE_STRING ""
| #define PACKAGE_BUGREPORT ""
| #define BYTEORDER 1234
| #define HAVE_SYS_FILE_H 1
| #define HAVE_SYS_PARAM_H 1
| #define HAVE_LIMITS_H 1
| #define HAVE_STDLIB_H 1
| #define HAVE_MALLOC_H 1
| #define HAVE_STRING_H 1
| #define HAVE_UNISTD_H 1
| #define HAVE_STRINGS_H 1
| #define HAVE_SYS_TIME_H 1
| #define HAVE_TIME_H 1
| #define HAVE_SYS_RESOURCE_H 1
| #define HAVE_SYS_STAT_H 1
| #define HAVE_SYS_MMAN_H 1
| #define HAVE_FCNTL_H 1
| #define HAVE_ALLOCA_H 1
| #define HAVE_SYS_SYSINFO_H 1
| #define HAVE_SYS_SYSCTL_H 1
| #define HAVE_SYS_WAIT_H 1
| #define TIME_WITH_SYS_TIME 1
| #define STDC_HEADERS 1
| #define HAVE_SYS_TYPES_H 1
| #define HAVE_SYS_STAT_H 1
| #define HAVE_STDLIB_H 1
| #define HAVE_STRING_H 1
| #define HAVE_MEMORY_H 1
| #define HAVE_STRINGS_H 1
| #define HAVE_INTTYPES_H 1
| #define HAVE_STDINT_H 1
| #define HAVE_UNISTD_H 1
| #define HAVE_UINTPTR_T 1
| #define HAVE_ASPRINTF 1
| #define HAVE_ATEXIT 1
| #define HAVE_BASENAME 1
| #define HAVE_BCMP 1
| #define HAVE_BCOPY 1
| #define HAVE_BSEARCH 1
| #define HAVE_BZERO 1
| #define HAVE_CALLOC 1
| #define HAVE_CLOCK 1
| #define HAVE_FFS 1
| #define HAVE_GETCWD 1
| #define HAVE_GETPAGESIZE 1
| #define HAVE_INDEX 1
| #define HAVE_INSQUE 1
| #define HAVE_MEMCHR 1
| #define HAVE_MEMCMP 1
| #define HAVE_MEMCPY 1
| #define HAVE_MEMMOVE 1
| #define HAVE_MEMPCPY 1
| #define HAVE_MEMSET 1
| #define HAVE_MKSTEMPS 1
| #define HAVE_PUTENV 1
| #define HAVE_RANDOM 1
| #define HAVE_RENAME 1
| #define HAVE_RINDEX 1
| #define HAVE_SETENV 1
| #define HAVE_SNPRINTF 1
| #define HAVE_SIGSETMASK 1
| #define HAVE_STPCPY 1
| #define HAVE_STPNCPY 1
| #define HAVE_STRCASECMP 1
| #define HAVE_STRCHR 1
| #define HAVE_STRDUP 1
| #define HAVE_STRNCASECMP 1
| #define HAVE_STRRCHR 1
| #define HAVE_STRSTR 1
| #define HAVE_STRTOD 1
| #define HAVE_STRTOL 1
| #define HAVE_STRTOUL 1
| #define HAVE_TMPNAM 1
| #define HAVE_VASPRINTF 1
| #define HAVE_VFPRINTF 1
| #define HAVE_VPRINTF 1
| #define HAVE_VSNPRINTF 1
| #define HAVE_VSPRINTF 1
| #define HAVE_WAITPID 1
| #define STACK_DIRECTION -1
| #define HAVE_UNISTD_H 1
| #define HAVE_FORK 1
| #define HAVE_VFORK 1
| #define HAVE_WORKING_VFORK 1
| #define HAVE_WORKING_FORK 1
| #define HAVE_SYS_ERRLIST 1
| #define HAVE_SYS_NERR 1
| #define HAVE_SYS_SIGLIST 1
| /* end confdefs.h.  */
| #include <sys/systemcfg.h>
| int
| main ()
| {
| double x = _system_configuration.physmem;
|   ;
|   return 0;
| }
configure:5512: result: no
configure:5521: checking for getrusage
configure:5578: afl-gcc -o conftest -g -O2   conftest.c  >&5
configure:5581: $? = 0
configure:5584: test -s conftest
configure:5587: $? = 0
configure:5598: result: yes
configure:5521: checking for on_exit
configure:5578: afl-gcc -o conftest -g -O2   conftest.c  >&5
configure:5581: $? = 0
configure:5584: test -s conftest
configure:5587: $? = 0
configure:5598: result: yes
configure:5521: checking for psignal
configure:5578: afl-gcc -o conftest -g -O2   conftest.c  >&5
configure:5581: $? = 0
configure:5584: test -s conftest
configure:5587: $? = 0
configure:5598: result: yes
configure:5521: checking for strerror
configure:5578: afl-gcc -o conftest -g -O2   conftest.c  >&5
configure:5581: $? = 0
configure:5584: test -s conftest
configure:5587: $? = 0
configure:5598: result: yes
configure:5521: checking for strsignal
configure:5578: afl-gcc -o conftest -g -O2   conftest.c  >&5
configure:5581: $? = 0
configure:5584: test -s conftest
configure:5587: $? = 0
configure:5598: result: yes
configure:5521: checking for sysconf
configure:5578: afl-gcc -o conftest -g -O2   conftest.c  >&5
configure:5581: $? = 0
configure:5584: test -s conftest
configure:5587: $? = 0
configure:5598: result: yes
configure:5521: checking for times
configure:5578: afl-gcc -o conftest -g -O2   conftest.c  >&5
configure:5581: $? = 0
configure:5584: test -s conftest
configure:5587: $? = 0
configure:5598: result: yes
configure:5521: checking for sbrk
configure:5578: afl-gcc -o conftest -g -O2   conftest.c  >&5
configure:5581: $? = 0
configure:5584: test -s conftest
configure:5587: $? = 0
configure:5598: result: yes
configure:5521: checking for gettimeofday
configure:5578: afl-gcc -o conftest -g -O2   conftest.c  >&5
configure:5581: $? = 0
configure:5584: test -s conftest
configure:5587: $? = 0
configure:5598: result: yes
configure:5521: checking for realpath
configure:5578: afl-gcc -o conftest -g -O2   conftest.c  >&5
configure:5581: $? = 0
configure:5584: test -s conftest
configure:5587: $? = 0
configure:5598: result: yes
configure:5521: checking for canonicalize_file_name
configure:5578: afl-gcc -o conftest -g -O2   conftest.c  >&5
configure:5581: $? = 0
configure:5584: test -s conftest
configure:5587: $? = 0
configure:5598: result: yes
configure:5521: checking for pstat_getstatic
configure:5578: afl-gcc -o conftest -g -O2   conftest.c  >&5
/usr/bin/ld: /tmp/ccIqdAaO.o:/home/student/linux-vr-and-exploitation/Lab_Templates/lab_02_afl/binutils-2.15/libiberty/configure:5661: undefined reference to `pstat_getstatic'
/usr/bin/ld: /tmp/ccIqdAaO.o: in function `main':
/home/student/linux-vr-and-exploitation/Lab_Templates/lab_02_afl/binutils-2.15/libiberty/configure:5670: undefined reference to `pstat_getstatic'
collect2: error: ld returned 1 exit status
configure:5581: $? = 1
configure: failed program was:
| #line 5531 "configure"
| /* confdefs.h.  */
| 
| #define PACKAGE_NAME ""
| #define PACKAGE_TARNAME ""
| #define PACKAGE_VERSION ""
| #define PACKAGE_STRING ""
| #define PACKAGE_BUGREPORT ""
| #define BYTEORDER 1234
| #define HAVE_SYS_FILE_H 1
| #define HAVE_SYS_PARAM_H 1
| #define HAVE_LIMITS_H 1
| #define HAVE_STDLIB_H 1
| #define HAVE_MALLOC_H 1
| #define HAVE_STRING_H 1
| #define HAVE_UNISTD_H 1
| #define HAVE_STRINGS_H 1
| #define HAVE_SYS_TIME_H 1
| #define HAVE_TIME_H 1
| #define HAVE_SYS_RESOURCE_H 1
| #define HAVE_SYS_STAT_H 1
| #define HAVE_SYS_MMAN_H 1
| #define HAVE_FCNTL_H 1
| #define HAVE_ALLOCA_H 1
| #define HAVE_SYS_SYSINFO_H 1
| #define HAVE_SYS_SYSCTL_H 1
| #define HAVE_SYS_WAIT_H 1
| #define TIME_WITH_SYS_TIME 1
| #define STDC_HEADERS 1
| #define HAVE_SYS_TYPES_H 1
| #define HAVE_SYS_STAT_H 1
| #define HAVE_STDLIB_H 1
| #define HAVE_STRING_H 1
| #define HAVE_MEMORY_H 1
| #define HAVE_STRINGS_H 1
| #define HAVE_INTTYPES_H 1
| #define HAVE_STDINT_H 1
| #define HAVE_UNISTD_H 1
| #define HAVE_UINTPTR_T 1
| #define HAVE_ASPRINTF 1
| #define HAVE_ATEXIT 1
| #define HAVE_BASENAME 1
| #define HAVE_BCMP 1
| #define HAVE_BCOPY 1
| #define HAVE_BSEARCH 1
| #define HAVE_BZERO 1
| #define HAVE_CALLOC 1
| #define HAVE_CLOCK 1
| #define HAVE_FFS 1
| #define HAVE_GETCWD 1
| #define HAVE_GETPAGESIZE 1
| #define HAVE_INDEX 1
| #define HAVE_INSQUE 1
| #define HAVE_MEMCHR 1
| #define HAVE_MEMCMP 1
| #define HAVE_MEMCPY 1
| #define HAVE_MEMMOVE 1
| #define HAVE_MEMPCPY 1
| #define HAVE_MEMSET 1
| #define HAVE_MKSTEMPS 1
| #define HAVE_PUTENV 1
| #define HAVE_RANDOM 1
| #define HAVE_RENAME 1
| #define HAVE_RINDEX 1
| #define HAVE_SETENV 1
| #define HAVE_SNPRINTF 1
| #define HAVE_SIGSETMASK 1
| #define HAVE_STPCPY 1
| #define HAVE_STPNCPY 1
| #define HAVE_STRCASECMP 1
| #define HAVE_STRCHR 1
| #define HAVE_STRDUP 1
| #define HAVE_STRNCASECMP 1
| #define HAVE_STRRCHR 1
| #define HAVE_STRSTR 1
| #define HAVE_STRTOD 1
| #define HAVE_STRTOL 1
| #define HAVE_STRTOUL 1
| #define HAVE_TMPNAM 1
| #define HAVE_VASPRINTF 1
| #define HAVE_VFPRINTF 1
| #define HAVE_VPRINTF 1
| #define HAVE_VSNPRINTF 1
| #define HAVE_VSPRINTF 1
| #define HAVE_WAITPID 1
| #define STACK_DIRECTION -1
| #define HAVE_UNISTD_H 1
| #define HAVE_FORK 1
| #define HAVE_VFORK 1
| #define HAVE_WORKING_VFORK 1
| #define HAVE_WORKING_FORK 1
| #define HAVE_SYS_ERRLIST 1
| #define HAVE_SYS_NERR 1
| #define HAVE_SYS_SIGLIST 1
| #define HAVE_GETRUSAGE 1
| #define HAVE_ON_EXIT 1
| #define HAVE_PSIGNAL 1
| #define HAVE_STRERROR 1
| #define HAVE_STRSIGNAL 1
| #define HAVE_SYSCONF 1
| #define HAVE_TIMES 1
| #define HAVE_SBRK 1
| #define HAVE_GETTIMEOFDAY 1
| #define HAVE_REALPATH 1
| #define HAVE_CANONICALIZE_FILE_NAME 1
| /* end confdefs.h.  */
| /* System header to define __stub macros and hopefully few prototypes,
|     which can conflict with char pstat_getstatic (); below.
|     Prefer <limits.h> to <assert.h> if __STDC__ is defined, since
|     <limits.h> exists even on freestanding compilers.  Under hpux,
|     including <limits.h> includes <sys/time.h> and causes problems
|     checking for functions defined therein.  */
| #if defined (__STDC__) && !defined (_HPUX_SOURCE)
| # include <limits.h>
| #else
| # include <assert.h>
| #endif
| /* Override any gcc2 internal prototype to avoid an error.  */
| #ifdef __cplusplus
| extern "C"
| {
| #endif
| /* We use char because int might match the return type of a gcc2
|    builtin and then its argument prototype would still apply.  */
| char pstat_getstatic ();
| /* The GNU C library defines this for functions which it implements
|     to always fail with ENOSYS.  Some functions are actually named
|     something starting with __ and the normal name is an alias.  */
| #if defined (__stub_pstat_getstatic) || defined (__stub___pstat_getstatic)
| choke me
| #else
| char (*f) () = pstat_getstatic;
| #endif
| #ifdef __cplusplus
| }
| #endif
| 
| int
| main ()
| {
| return f != pstat_getstatic;
|   ;
|   return 0;
| }
configure:5598: result: no
configure:5521: checking for pstat_getdynamic
configure:5578: afl-gcc -o conftest -g -O2   conftest.c  >&5
/usr/bin/ld: /tmp/ccqWOWcT.o:/home/student/linux-vr-and-exploitation/Lab_Templates/lab_02_afl/binutils-2.15/libiberty/configure:5661: undefined reference to `pstat_getdynamic'
/usr/bin/ld: /tmp/ccqWOWcT.o: in function `main':
/home/student/linux-vr-and-exploitation/Lab_Templates/lab_02_afl/binutils-2.15/libiberty/configure:5670: undefined reference to `pstat_getdynamic'
collect2: error: ld returned 1 exit status
configure:5581: $? = 1
configure: failed program was:
| #line 5531 "configure"
| /* confdefs.h.  */
| 
| #define PACKAGE_NAME ""
| #define PACKAGE_TARNAME ""
| #define PACKAGE_VERSION ""
| #define PACKAGE_STRING ""
| #define PACKAGE_BUGREPORT ""
| #define BYTEORDER 1234
| #define HAVE_SYS_FILE_H 1
| #define HAVE_SYS_PARAM_H 1
| #define HAVE_LIMITS_H 1
| #define HAVE_STDLIB_H 1
| #define HAVE_MALLOC_H 1
| #define HAVE_STRING_H 1
| #define HAVE_UNISTD_H 1
| #define HAVE_STRINGS_H 1
| #define HAVE_SYS_TIME_H 1
| #define HAVE_TIME_H 1
| #define HAVE_SYS_RESOURCE_H 1
| #define HAVE_SYS_STAT_H 1
| #define HAVE_SYS_MMAN_H 1
| #define HAVE_FCNTL_H 1
| #define HAVE_ALLOCA_H 1
| #define HAVE_SYS_SYSINFO_H 1
| #define HAVE_SYS_SYSCTL_H 1
| #define HAVE_SYS_WAIT_H 1
| #define TIME_WITH_SYS_TIME 1
| #define STDC_HEADERS 1
| #define HAVE_SYS_TYPES_H 1
| #define HAVE_SYS_STAT_H 1
| #define HAVE_STDLIB_H 1
| #define HAVE_STRING_H 1
| #define HAVE_MEMORY_H 1
| #define HAVE_STRINGS_H 1
| #define HAVE_INTTYPES_H 1
| #define HAVE_STDINT_H 1
| #define HAVE_UNISTD_H 1
| #define HAVE_UINTPTR_T 1
| #define HAVE_ASPRINTF 1
| #define HAVE_ATEXIT 1
| #define HAVE_BASENAME 1
| #define HAVE_BCMP 1
| #define HAVE_BCOPY 1
| #define HAVE_BSEARCH 1
| #define HAVE_BZERO 1
| #define HAVE_CALLOC 1
| #define HAVE_CLOCK 1
| #define HAVE_FFS 1
| #define HAVE_GETCWD 1
| #define HAVE_GETPAGESIZE 1
| #define HAVE_INDEX 1
| #define HAVE_INSQUE 1
| #define HAVE_MEMCHR 1
| #define HAVE_MEMCMP 1
| #define HAVE_MEMCPY 1
| #define HAVE_MEMMOVE 1
| #define HAVE_MEMPCPY 1
| #define HAVE_MEMSET 1
| #define HAVE_MKSTEMPS 1
| #define HAVE_PUTENV 1
| #define HAVE_RANDOM 1
| #define HAVE_RENAME 1
| #define HAVE_RINDEX 1
| #define HAVE_SETENV 1
| #define HAVE_SNPRINTF 1
| #define HAVE_SIGSETMASK 1
| #define HAVE_STPCPY 1
| #define HAVE_STPNCPY 1
| #define HAVE_STRCASECMP 1
| #define HAVE_STRCHR 1
| #define HAVE_STRDUP 1
| #define HAVE_STRNCASECMP 1
| #define HAVE_STRRCHR 1
| #define HAVE_STRSTR 1
| #define HAVE_STRTOD 1
| #define HAVE_STRTOL 1
| #define HAVE_STRTOUL 1
| #define HAVE_TMPNAM 1
| #define HAVE_VASPRINTF 1
| #define HAVE_VFPRINTF 1
| #define HAVE_VPRINTF 1
| #define HAVE_VSNPRINTF 1
| #define HAVE_VSPRINTF 1
| #define HAVE_WAITPID 1
| #define STACK_DIRECTION -1
| #define HAVE_UNISTD_H 1
| #define HAVE_FORK 1
| #define HAVE_VFORK 1
| #define HAVE_WORKING_VFORK 1
| #define HAVE_WORKING_FORK 1
| #define HAVE_SYS_ERRLIST 1
| #define HAVE_SYS_NERR 1
| #define HAVE_SYS_SIGLIST 1
| #define HAVE_GETRUSAGE 1
| #define HAVE_ON_EXIT 1
| #define HAVE_PSIGNAL 1
| #define HAVE_STRERROR 1
| #define HAVE_STRSIGNAL 1
| #define HAVE_SYSCONF 1
| #define HAVE_TIMES 1
| #define HAVE_SBRK 1
| #define HAVE_GETTIMEOFDAY 1
| #define HAVE_REALPATH 1
| #define HAVE_CANONICALIZE_FILE_NAME 1
| /* end confdefs.h.  */
| /* System header to define __stub macros and hopefully few prototypes,
|     which can conflict with char pstat_getdynamic (); below.
|     Prefer <limits.h> to <assert.h> if __STDC__ is defined, since
|     <limits.h> exists even on freestanding compilers.  Under hpux,
|     including <limits.h> includes <sys/time.h> and causes problems
|     checking for functions defined therein.  */
| #if defined (__STDC__) && !defined (_HPUX_SOURCE)
| # include <limits.h>
| #else
| # include <assert.h>
| #endif
| /* Override any gcc2 internal prototype to avoid an error.  */
| #ifdef __cplusplus
| extern "C"
| {
| #endif
| /* We use char because int might match the return type of a gcc2
|    builtin and then its argument prototype would still apply.  */
| char pstat_getdynamic ();
| /* The GNU C library defines this for functions which it implements
|     to always fail with ENOSYS.  Some functions are actually named
|     something starting with __ and the normal name is an alias.  */
| #if defined (__stub_pstat_getdynamic) || defined (__stub___pstat_getdynamic)
| choke me
| #else
| char (*f) () = pstat_getdynamic;
| #endif
| #ifdef __cplusplus
| }
| #endif
| 
| int
| main ()
| {
| return f != pstat_getdynamic;
|   ;
|   return 0;
| }
configure:5598: result: no
configure:5521: checking for sysmp
configure:5578: afl-gcc -o conftest -g -O2   conftest.c  >&5
/usr/bin/ld: /tmp/ccg49u9U.o:/home/student/linux-vr-and-exploitation/Lab_Templates/lab_02_afl/binutils-2.15/libiberty/configure:5661: undefined reference to `sysmp'
/usr/bin/ld: /tmp/ccg49u9U.o: in function `main':
/home/student/linux-vr-and-exploitation/Lab_Templates/lab_02_afl/binutils-2.15/libiberty/configure:5670: undefined reference to `sysmp'
collect2: error: ld returned 1 exit status
configure:5581: $? = 1
configure: failed program was:
| #line 5531 "configure"
| /* confdefs.h.  */
| 
| #define PACKAGE_NAME ""
| #define PACKAGE_TARNAME ""
| #define PACKAGE_VERSION ""
| #define PACKAGE_STRING ""
| #define PACKAGE_BUGREPORT ""
| #define BYTEORDER 1234
| #define HAVE_SYS_FILE_H 1
| #define HAVE_SYS_PARAM_H 1
| #define HAVE_LIMITS_H 1
| #define HAVE_STDLIB_H 1
| #define HAVE_MALLOC_H 1
| #define HAVE_STRING_H 1
| #define HAVE_UNISTD_H 1
| #define HAVE_STRINGS_H 1
| #define HAVE_SYS_TIME_H 1
| #define HAVE_TIME_H 1
| #define HAVE_SYS_RESOURCE_H 1
| #define HAVE_SYS_STAT_H 1
| #define HAVE_SYS_MMAN_H 1
| #define HAVE_FCNTL_H 1
| #define HAVE_ALLOCA_H 1
| #define HAVE_SYS_SYSINFO_H 1
| #define HAVE_SYS_SYSCTL_H 1
| #define HAVE_SYS_WAIT_H 1
| #define TIME_WITH_SYS_TIME 1
| #define STDC_HEADERS 1
| #define HAVE_SYS_TYPES_H 1
| #define HAVE_SYS_STAT_H 1
| #define HAVE_STDLIB_H 1
| #define HAVE_STRING_H 1
| #define HAVE_MEMORY_H 1
| #define HAVE_STRINGS_H 1
| #define HAVE_INTTYPES_H 1
| #define HAVE_STDINT_H 1
| #define HAVE_UNISTD_H 1
| #define HAVE_UINTPTR_T 1
| #define HAVE_ASPRINTF 1
| #define HAVE_ATEXIT 1
| #define HAVE_BASENAME 1
| #define HAVE_BCMP 1
| #define HAVE_BCOPY 1
| #define HAVE_BSEARCH 1
| #define HAVE_BZERO 1
| #define HAVE_CALLOC 1
| #define HAVE_CLOCK 1
| #define HAVE_FFS 1
| #define HAVE_GETCWD 1
| #define HAVE_GETPAGESIZE 1
| #define HAVE_INDEX 1
| #define HAVE_INSQUE 1
| #define HAVE_MEMCHR 1
| #define HAVE_MEMCMP 1
| #define HAVE_MEMCPY 1
| #define HAVE_MEMMOVE 1
| #define HAVE_MEMPCPY 1
| #define HAVE_MEMSET 1
| #define HAVE_MKSTEMPS 1
| #define HAVE_PUTENV 1
| #define HAVE_RANDOM 1
| #define HAVE_RENAME 1
| #define HAVE_RINDEX 1
| #define HAVE_SETENV 1
| #define HAVE_SNPRINTF 1
| #define HAVE_SIGSETMASK 1
| #define HAVE_STPCPY 1
| #define HAVE_STPNCPY 1
| #define HAVE_STRCASECMP 1
| #define HAVE_STRCHR 1
| #define HAVE_STRDUP 1
| #define HAVE_STRNCASECMP 1
| #define HAVE_STRRCHR 1
| #define HAVE_STRSTR 1
| #define HAVE_STRTOD 1
| #define HAVE_STRTOL 1
| #define HAVE_STRTOUL 1
| #define HAVE_TMPNAM 1
| #define HAVE_VASPRINTF 1
| #define HAVE_VFPRINTF 1
| #define HAVE_VPRINTF 1
| #define HAVE_VSNPRINTF 1
| #define HAVE_VSPRINTF 1
| #define HAVE_WAITPID 1
| #define STACK_DIRECTION -1
| #define HAVE_UNISTD_H 1
| #define HAVE_FORK 1
| #define HAVE_VFORK 1
| #define HAVE_WORKING_VFORK 1
| #define HAVE_WORKING_FORK 1
| #define HAVE_SYS_ERRLIST 1
| #define HAVE_SYS_NERR 1
| #define HAVE_SYS_SIGLIST 1
| #define HAVE_GETRUSAGE 1
| #define HAVE_ON_EXIT 1
| #define HAVE_PSIGNAL 1
| #define HAVE_STRERROR 1
| #define HAVE_STRSIGNAL 1
| #define HAVE_SYSCONF 1
| #define HAVE_TIMES 1
| #define HAVE_SBRK 1
| #define HAVE_GETTIMEOFDAY 1
| #define HAVE_REALPATH 1
| #define HAVE_CANONICALIZE_FILE_NAME 1
| /* end confdefs.h.  */
| /* System header to define __stub macros and hopefully few prototypes,
|     which can conflict with char sysmp (); below.
|     Prefer <limits.h> to <assert.h> if __STDC__ is defined, since
|     <limits.h> exists even on freestanding compilers.  Under hpux,
|     including <limits.h> includes <sys/time.h> and causes problems
|     checking for functions defined therein.  */
| #if defined (__STDC__) && !defined (_HPUX_SOURCE)
| # include <limits.h>
| #else
| # include <assert.h>
| #endif
| /* Override any gcc2 internal prototype to avoid an error.  */
| #ifdef __cplusplus
| extern "C"
| {
| #endif
| /* We use char because int might match the return type of a gcc2
|    builtin and then its argument prototype would still apply.  */
| char sysmp ();
| /* The GNU C library defines this for functions which it implements
|     to always fail with ENOSYS.  Some functions are actually named
|     something starting with __ and the normal name is an alias.  */
| #if defined (__stub_sysmp) || defined (__stub___sysmp)
| choke me
| #else
| char (*f) () = sysmp;
| #endif
| #ifdef __cplusplus
| }
| #endif
| 
| int
| main ()
| {
| return f != sysmp;
|   ;
|   return 0;
| }
configure:5598: result: no
configure:5521: checking for getsysinfo
configure:5578: afl-gcc -o conftest -g -O2   conftest.c  >&5
/usr/bin/ld: /tmp/ccPZVAA0.o:/home/student/linux-vr-and-exploitation/Lab_Templates/lab_02_afl/binutils-2.15/libiberty/configure:5661: undefined reference to `getsysinfo'
/usr/bin/ld: /tmp/ccPZVAA0.o: in function `main':
/home/student/linux-vr-and-exploitation/Lab_Templates/lab_02_afl/binutils-2.15/libiberty/configure:5670: undefined reference to `getsysinfo'
collect2: error: ld returned 1 exit status
configure:5581: $? = 1
configure: failed program was:
| #line 5531 "configure"
| /* confdefs.h.  */
| 
| #define PACKAGE_NAME ""
| #define PACKAGE_TARNAME ""
| #define PACKAGE_VERSION ""
| #define PACKAGE_STRING ""
| #define PACKAGE_BUGREPORT ""
| #define BYTEORDER 1234
| #define HAVE_SYS_FILE_H 1
| #define HAVE_SYS_PARAM_H 1
| #define HAVE_LIMITS_H 1
| #define HAVE_STDLIB_H 1
| #define HAVE_MALLOC_H 1
| #define HAVE_STRING_H 1
| #define HAVE_UNISTD_H 1
| #define HAVE_STRINGS_H 1
| #define HAVE_SYS_TIME_H 1
| #define HAVE_TIME_H 1
| #define HAVE_SYS_RESOURCE_H 1
| #define HAVE_SYS_STAT_H 1
| #define HAVE_SYS_MMAN_H 1
| #define HAVE_FCNTL_H 1
| #define HAVE_ALLOCA_H 1
| #define HAVE_SYS_SYSINFO_H 1
| #define HAVE_SYS_SYSCTL_H 1
| #define HAVE_SYS_WAIT_H 1
| #define TIME_WITH_SYS_TIME 1
| #define STDC_HEADERS 1
| #define HAVE_SYS_TYPES_H 1
| #define HAVE_SYS_STAT_H 1
| #define HAVE_STDLIB_H 1
| #define HAVE_STRING_H 1
| #define HAVE_MEMORY_H 1
| #define HAVE_STRINGS_H 1
| #define HAVE_INTTYPES_H 1
| #define HAVE_STDINT_H 1
| #define HAVE_UNISTD_H 1
| #define HAVE_UINTPTR_T 1
| #define HAVE_ASPRINTF 1
| #define HAVE_ATEXIT 1
| #define HAVE_BASENAME 1
| #define HAVE_BCMP 1
| #define HAVE_BCOPY 1
| #define HAVE_BSEARCH 1
| #define HAVE_BZERO 1
| #define HAVE_CALLOC 1
| #define HAVE_CLOCK 1
| #define HAVE_FFS 1
| #define HAVE_GETCWD 1
| #define HAVE_GETPAGESIZE 1
| #define HAVE_INDEX 1
| #define HAVE_INSQUE 1
| #define HAVE_MEMCHR 1
| #define HAVE_MEMCMP 1
| #define HAVE_MEMCPY 1
| #define HAVE_MEMMOVE 1
| #define HAVE_MEMPCPY 1
| #define HAVE_MEMSET 1
| #define HAVE_MKSTEMPS 1
| #define HAVE_PUTENV 1
| #define HAVE_RANDOM 1
| #define HAVE_RENAME 1
| #define HAVE_RINDEX 1
| #define HAVE_SETENV 1
| #define HAVE_SNPRINTF 1
| #define HAVE_SIGSETMASK 1
| #define HAVE_STPCPY 1
| #define HAVE_STPNCPY 1
| #define HAVE_STRCASECMP 1
| #define HAVE_STRCHR 1
| #define HAVE_STRDUP 1
| #define HAVE_STRNCASECMP 1
| #define HAVE_STRRCHR 1
| #define HAVE_STRSTR 1
| #define HAVE_STRTOD 1
| #define HAVE_STRTOL 1
| #define HAVE_STRTOUL 1
| #define HAVE_TMPNAM 1
| #define HAVE_VASPRINTF 1
| #define HAVE_VFPRINTF 1
| #define HAVE_VPRINTF 1
| #define HAVE_VSNPRINTF 1
| #define HAVE_VSPRINTF 1
| #define HAVE_WAITPID 1
| #define STACK_DIRECTION -1
| #define HAVE_UNISTD_H 1
| #define HAVE_FORK 1
| #define HAVE_VFORK 1
| #define HAVE_WORKING_VFORK 1
| #define HAVE_WORKING_FORK 1
| #define HAVE_SYS_ERRLIST 1
| #define HAVE_SYS_NERR 1
| #define HAVE_SYS_SIGLIST 1
| #define HAVE_GETRUSAGE 1
| #define HAVE_ON_EXIT 1
| #define HAVE_PSIGNAL 1
| #define HAVE_STRERROR 1
| #define HAVE_STRSIGNAL 1
| #define HAVE_SYSCONF 1
| #define HAVE_TIMES 1
| #define HAVE_SBRK 1
| #define HAVE_GETTIMEOFDAY 1
| #define HAVE_REALPATH 1
| #define HAVE_CANONICALIZE_FILE_NAME 1
| /* end confdefs.h.  */
| /* System header to define __stub macros and hopefully few prototypes,
|     which can conflict with char getsysinfo (); below.
|     Prefer <limits.h> to <assert.h> if __STDC__ is defined, since
|     <limits.h> exists even on freestanding compilers.  Under hpux,
|     including <limits.h> includes <sys/time.h> and causes problems
|     checking for functions defined therein.  */
| #if defined (__STDC__) && !defined (_HPUX_SOURCE)
| # include <limits.h>
| #else
| # include <assert.h>
| #endif
| /* Override any gcc2 internal prototype to avoid an error.  */
| #ifdef __cplusplus
| extern "C"
| {
| #endif
| /* We use char because int might match the return type of a gcc2
|    builtin and then its argument prototype would still apply.  */
| char getsysinfo ();
| /* The GNU C library defines this for functions which it implements
|     to always fail with ENOSYS.  Some functions are actually named
|     something starting with __ and the normal name is an alias.  */
| #if defined (__stub_getsysinfo) || defined (__stub___getsysinfo)
| choke me
| #else
| char (*f) () = getsysinfo;
| #endif
| #ifdef __cplusplus
| }
| #endif
| 
| int
| main ()
| {
| return f != getsysinfo;
|   ;
|   return 0;
| }
configure:5598: result: no
configure:5521: checking for table
configure:5578: afl-gcc -o conftest -g -O2   conftest.c  >&5
/usr/bin/ld: /tmp/cc98pr68.o:/home/student/linux-vr-and-exploitation/Lab_Templates/lab_02_afl/binutils-2.15/libiberty/configure:5661: undefined reference to `table'
/usr/bin/ld: /tmp/cc98pr68.o: in function `main':
/home/student/linux-vr-and-exploitation/Lab_Templates/lab_02_afl/binutils-2.15/libiberty/configure:5670: undefined reference to `table'
collect2: error: ld returned 1 exit status
configure:5581: $? = 1
configure: failed program was:
| #line 5531 "configure"
| /* confdefs.h.  */
| 
| #define PACKAGE_NAME ""
| #define PACKAGE_TARNAME ""
| #define PACKAGE_VERSION ""
| #define PACKAGE_STRING ""
| #define PACKAGE_BUGREPORT ""
| #define BYTEORDER 1234
| #define HAVE_SYS_FILE_H 1
| #define HAVE_SYS_PARAM_H 1
| #define HAVE_LIMITS_H 1
| #define HAVE_STDLIB_H 1
| #define HAVE_MALLOC_H 1
| #define HAVE_STRING_H 1
| #define HAVE_UNISTD_H 1
| #define HAVE_STRINGS_H 1
| #define HAVE_SYS_TIME_H 1
| #define HAVE_TIME_H 1
| #define HAVE_SYS_RESOURCE_H 1
| #define HAVE_SYS_STAT_H 1
| #define HAVE_SYS_MMAN_H 1
| #define HAVE_FCNTL_H 1
| #define HAVE_ALLOCA_H 1
| #define HAVE_SYS_SYSINFO_H 1
| #define HAVE_SYS_SYSCTL_H 1
| #define HAVE_SYS_WAIT_H 1
| #define TIME_WITH_SYS_TIME 1
| #define STDC_HEADERS 1
| #define HAVE_SYS_TYPES_H 1
| #define HAVE_SYS_STAT_H 1
| #define HAVE_STDLIB_H 1
| #define HAVE_STRING_H 1
| #define HAVE_MEMORY_H 1
| #define HAVE_STRINGS_H 1
| #define HAVE_INTTYPES_H 1
| #define HAVE_STDINT_H 1
| #define HAVE_UNISTD_H 1
| #define HAVE_UINTPTR_T 1
| #define HAVE_ASPRINTF 1
| #define HAVE_ATEXIT 1
| #define HAVE_BASENAME 1
| #define HAVE_BCMP 1
| #define HAVE_BCOPY 1
| #define HAVE_BSEARCH 1
| #define HAVE_BZERO 1
| #define HAVE_CALLOC 1
| #define HAVE_CLOCK 1
| #define HAVE_FFS 1
| #define HAVE_GETCWD 1
| #define HAVE_GETPAGESIZE 1
| #define HAVE_INDEX 1
| #define HAVE_INSQUE 1
| #define HAVE_MEMCHR 1
| #define HAVE_MEMCMP 1
| #define HAVE_MEMCPY 1
| #define HAVE_MEMMOVE 1
| #define HAVE_MEMPCPY 1
| #define HAVE_MEMSET 1
| #define HAVE_MKSTEMPS 1
| #define HAVE_PUTENV 1
| #define HAVE_RANDOM 1
| #define HAVE_RENAME 1
| #define HAVE_RINDEX 1
| #define HAVE_SETENV 1
| #define HAVE_SNPRINTF 1
| #define HAVE_SIGSETMASK 1
| #define HAVE_STPCPY 1
| #define HAVE_STPNCPY 1
| #define HAVE_STRCASECMP 1
| #define HAVE_STRCHR 1
| #define HAVE_STRDUP 1
| #define HAVE_STRNCASECMP 1
| #define HAVE_STRRCHR 1
| #define HAVE_STRSTR 1
| #define HAVE_STRTOD 1
| #define HAVE_STRTOL 1
| #define HAVE_STRTOUL 1
| #define HAVE_TMPNAM 1
| #define HAVE_VASPRINTF 1
| #define HAVE_VFPRINTF 1
| #define HAVE_VPRINTF 1
| #define HAVE_VSNPRINTF 1
| #define HAVE_VSPRINTF 1
| #define HAVE_WAITPID 1
| #define STACK_DIRECTION -1
| #define HAVE_UNISTD_H 1
| #define HAVE_FORK 1
| #define HAVE_VFORK 1
| #define HAVE_WORKING_VFORK 1
| #define HAVE_WORKING_FORK 1
| #define HAVE_SYS_ERRLIST 1
| #define HAVE_SYS_NERR 1
| #define HAVE_SYS_SIGLIST 1
| #define HAVE_GETRUSAGE 1
| #define HAVE_ON_EXIT 1
| #define HAVE_PSIGNAL 1
| #define HAVE_STRERROR 1
| #define HAVE_STRSIGNAL 1
| #define HAVE_SYSCONF 1
| #define HAVE_TIMES 1
| #define HAVE_SBRK 1
| #define HAVE_GETTIMEOFDAY 1
| #define HAVE_REALPATH 1
| #define HAVE_CANONICALIZE_FILE_NAME 1
| /* end confdefs.h.  */
| /* System header to define __stub macros and hopefully few prototypes,
|     which can conflict with char table (); below.
|     Prefer <limits.h> to <assert.h> if __STDC__ is defined, since
|     <limits.h> exists even on freestanding compilers.  Under hpux,
|     including <limits.h> includes <sys/time.h> and causes problems
|     checking for functions defined therein.  */
| #if defined (__STDC__) && !defined (_HPUX_SOURCE)
| # include <limits.h>
| #else
| # include <assert.h>
| #endif
| /* Override any gcc2 internal prototype to avoid an error.  */
| #ifdef __cplusplus
| extern "C"
| {
| #endif
| /* We use char because int might match the return type of a gcc2
|    builtin and then its argument prototype would still apply.  */
| char table ();
| /* The GNU C library defines this for functions which it implements
|     to always fail with ENOSYS.  Some functions are actually named
|     something starting with __ and the normal name is an alias.  */
| #if defined (__stub_table) || defined (__stub___table)
| choke me
| #else
| char (*f) () = table;
| #endif
| #ifdef __cplusplus
| }
| #endif
| 
| int
| main ()
| {
| return f != table;
|   ;
|   return 0;
| }
configure:5598: result: no
configure:5521: checking for sysctl
configure:5578: afl-gcc -o conftest -g -O2   conftest.c  >&5
configure:5581: $? = 0
configure:5584: test -s conftest
configure:5587: $? = 0
configure:5598: result: yes
configure:5608: checking whether canonicalize_file_name must be declared
configure:5645: afl-gcc -c -g -O2  conftest.c >&5
configure: In function 'main':
configure:5738:28: error: 'canonicalize_file_name' undeclared (first use in this function)
 5738 | fi
      |                            ^                     
configure:5738:28: note: each undeclared identifier is reported only once for each function it appears in
configure:5648: $? = 1
configure: failed program was:
| #line 5613 "configure"
| /* confdefs.h.  */
| 
| #define PACKAGE_NAME ""
| #define PACKAGE_TARNAME ""
| #define PACKAGE_VERSION ""
| #define PACKAGE_STRING ""
| #define PACKAGE_BUGREPORT ""
| #define BYTEORDER 1234
| #define HAVE_SYS_FILE_H 1
| #define HAVE_SYS_PARAM_H 1
| #define HAVE_LIMITS_H 1
| #define HAVE_STDLIB_H 1
| #define HAVE_MALLOC_H 1
| #define HAVE_STRING_H 1
| #define HAVE_UNISTD_H 1
| #define HAVE_STRINGS_H 1
| #define HAVE_SYS_TIME_H 1
| #define HAVE_TIME_H 1
| #define HAVE_SYS_RESOURCE_H 1
| #define HAVE_SYS_STAT_H 1
| #define HAVE_SYS_MMAN_H 1
| #define HAVE_FCNTL_H 1
| #define HAVE_ALLOCA_H 1
| #define HAVE_SYS_SYSINFO_H 1
| #define HAVE_SYS_SYSCTL_H 1
| #define HAVE_SYS_WAIT_H 1
| #define TIME_WITH_SYS_TIME 1
| #define STDC_HEADERS 1
| #define HAVE_SYS_TYPES_H 1
| #define HAVE_SYS_STAT_H 1
| #define HAVE_STDLIB_H 1
| #define HAVE_STRING_H 1
| #define HAVE_MEMORY_H 1
| #define HAVE_STRINGS_H 1
| #define HAVE_INTTYPES_H 1
| #define HAVE_STDINT_H 1
| #define HAVE_UNISTD_H 1
| #define HAVE_UINTPTR_T 1
| #define HAVE_ASPRINTF 1
| #define HAVE_ATEXIT 1
| #define HAVE_BASENAME 1
| #define HAVE_BCMP 1
| #define HAVE_BCOPY 1
| #define HAVE_BSEARCH 1
| #define HAVE_BZERO 1
| #define HAVE_CALLOC 1
| #define HAVE_CLOCK 1
| #define HAVE_FFS 1
| #define HAVE_GETCWD 1
| #define HAVE_GETPAGESIZE 1
| #define HAVE_INDEX 1
| #define HAVE_INSQUE 1
| #define HAVE_MEMCHR 1
| #define HAVE_MEMCMP 1
| #define HAVE_MEMCPY 1
| #define HAVE_MEMMOVE 1
| #define HAVE_MEMPCPY 1
| #define HAVE_MEMSET 1
| #define HAVE_MKSTEMPS 1
| #define HAVE_PUTENV 1
| #define HAVE_RANDOM 1
| #define HAVE_RENAME 1
| #define HAVE_RINDEX 1
| #define HAVE_SETENV 1
| #define HAVE_SNPRINTF 1
| #define HAVE_SIGSETMASK 1
| #define HAVE_STPCPY 1
| #define HAVE_STPNCPY 1
| #define HAVE_STRCASECMP 1
| #define HAVE_STRCHR 1
| #define HAVE_STRDUP 1
| #define HAVE_STRNCASECMP 1
| #define HAVE_STRRCHR 1
| #define HAVE_STRSTR 1
| #define HAVE_STRTOD 1
| #define HAVE_STRTOL 1
| #define HAVE_STRTOUL 1
| #define HAVE_TMPNAM 1
| #define HAVE_VASPRINTF 1
| #define HAVE_VFPRINTF 1
| #define HAVE_VPRINTF 1
| #define HAVE_VSNPRINTF 1
| #define HAVE_VSPRINTF 1
| #define HAVE_WAITPID 1
| #define STACK_DIRECTION -1
| #define HAVE_UNISTD_H 1
| #define HAVE_FORK 1
| #define HAVE_VFORK 1
| #define HAVE_WORKING_VFORK 1
| #define HAVE_WORKING_FORK 1
| #define HAVE_SYS_ERRLIST 1
| #define HAVE_SYS_NERR 1
| #define HAVE_SYS_SIGLIST 1
| #define HAVE_GETRUSAGE 1
| #define HAVE_ON_EXIT 1
| #define HAVE_PSIGNAL 1
| #define HAVE_STRERROR 1
| #define HAVE_STRSIGNAL 1
| #define HAVE_SYSCONF 1
| #define HAVE_TIMES 1
| #define HAVE_SBRK 1
| #define HAVE_GETTIMEOFDAY 1
| #define HAVE_REALPATH 1
| #define HAVE_CANONICALIZE_FILE_NAME 1
| #define HAVE_SYSCTL 1
| /* end confdefs.h.  */
| 
| #include "confdefs.h"
| #include <stdio.h>
| #ifdef HAVE_STRING_H
| #include <string.h>
| #else
| #ifdef HAVE_STRINGS_H
| #include <strings.h>
| #endif
| #endif
| #ifdef HAVE_STDLIB_H
| #include <stdlib.h>
| #endif
| #ifdef HAVE_UNISTD_H
| #include <unistd.h>
| #endif
| int
| main ()
| {
| char *(*pfn) = (char *(*)) canonicalize_file_name
|   ;
|   return 0;
| }
configure:5666: result: yes
configure:4841: checking for stdlib.h
configure:4881: result: yes
configure:4841: checking for unistd.h
configure:4881: result: yes
configure:4895: checking for getpagesize
configure:4972: result: yes
configure:4982: checking for working mmap
configure:5125: afl-gcc -o conftest -g -O2   conftest.c  >&5
configure: In function 'main':
configure:5235:25: warning: cast from pointer to integer of different size [-Wpointer-to-int-cast]
 5235 | #line $LINENO "configure"
      |                         ^
configure:5128: $? = 0
configure:5130: ./conftest
configure:5133: $? = 0
configure:5147: result: yes
configure:5160: checking for working strncmp
configure:5238: afl-gcc -o conftest -g -O2   conftest.c  >&5
configure:5309:1: warning: return type defaults to 'int' [-Wimplicit-int]
 5309 |   LIBOBJS="$LIBOBJS $ac_func.$ac_objext"
      | ^ ~~
configure: In function 'main':
configure:5317:5: warning: implicit declaration of function 'exit' [-Wimplicit-function-declaration]
 5317 | do
      |     ^   
configure:5317:5: warning: incompatible implicit declaration of built-in function 'exit'
configure:5290:1: note: include '<stdlib.h>' or provide a declaration of 'exit'
 5289 |   ac_status=$?
  +++ |+#include <stdlib.h>
 5290 |   echo "$as_me:$LINENO: \$? = $ac_status" >&5
configure:5325:5: warning: incompatible implicit declaration of built-in function 'exit'
 5325 |   { { echo "$as_me:$LINENO: error: Link tests are not allowed after GCC_NO_EXECUTABLES." >&5
      |     ^~~~
configure:5325:5: note: include '<stdlib.h>' or provide a declaration of 'exit'
configure:5329:40: warning: implicit declaration of function 'strlen' [-Wimplicit-function-declaration]
 5329 | cat >conftest.$ac_ext <<_ACEOF
      |                                        ^     
configure:5329:40: warning: incompatible implicit declaration of built-in function 'strlen'
configure:5290:1: note: include '<string.h>' or provide a declaration of 'strlen'
 5289 |   ac_status=$?
  +++ |+#include <string.h>
 5290 |   echo "$as_me:$LINENO: \$? = $ac_status" >&5
configure:5332:7: warning: implicit declaration of function 'strcpy' [-Wimplicit-function-declaration]
 5332 | _ACEOF
      |       ^     
configure:5332:7: warning: incompatible implicit declaration of built-in function 'strcpy'
configure:5332:7: note: include '<string.h>' or provide a declaration of 'strcpy'
configure:5334:7: warning: implicit declaration of function 'strncmp' [-Wimplicit-function-declaration]
 5334 | cat >>conftest.$ac_ext <<_ACEOF
      |       ^~~~~~~
configure:5334:22: warning: 'strncmp' argument 3 type is 'int' where 'long unsigned int' is expected in a call to built-in function declared without prototype [-Wbuiltin-declaration-mismatch]
 5334 | cat >>conftest.$ac_ext <<_ACEOF
      |                      ^~
<built-in>: note: built-in 'strncmp' declared here
configure:5337:3: warning: incompatible implicit declaration of built-in function 'exit'
 5337 |     which can conflict with char $ac_func (); below.
      |   ^ ~~
configure:5337:3: note: include '<stdlib.h>' or provide a declaration of 'exit'
configure:5241: $? = 0
configure:5243: ./conftest
configure:5246: $? = 0
configure:5261: result: yes
configure:5385: creating ./config.status

## ---------------------- ##
## Running config.status. ##
## ---------------------- ##

This file was extended by config.status, which was
generated by GNU Autoconf 2.57.  Invocation command line was

  CONFIG_FILES    = 
  CONFIG_HEADERS  = 
  CONFIG_LINKS    = 
  CONFIG_COMMANDS = 
  $ ./config.status 

on localhost.localdomain

config.status:652: creating Makefile
config.status:652: creating testsuite/Makefile
config.status:756: creating config.h
config.status:1179: executing default commands

## ---------------- ##
## Cache variables. ##
## ---------------- ##

ac_cv_build=x86_64-unknown-linux-gnu
ac_cv_build_alias=x86_64-unknown-linux-gnu
ac_cv_c_bigendian=no
ac_cv_c_compiler_gnu=yes
ac_cv_c_const=yes
ac_cv_c_inline=inline
ac_cv_c_stack_direction=-1
ac_cv_env_CC_set=set
ac_cv_env_CC_value=afl-gcc
ac_cv_env_CFLAGS_set=set
ac_cv_env_CFLAGS_value='-g -O2'
ac_cv_env_CPPFLAGS_set=
ac_cv_env_CPPFLAGS_value=
ac_cv_env_CPP_set=
ac_cv_env_CPP_value=
ac_cv_env_LDFLAGS_set=set
ac_cv_env_LDFLAGS_value=
ac_cv_env_build_alias_set=set
ac_cv_env_build_alias_value=x86_64-unknown-linux-gnu
ac_cv_env_host_alias_set=set
ac_cv_env_host_alias_value=x86_64-unknown-linux-gnu
ac_cv_env_target_alias_set=set
ac_cv_env_target_alias_value=x86_64-unknown-linux-gnu
ac_cv_exeext=
ac_cv_func__doprnt=no
ac_cv_func_asprintf=yes
ac_cv_func_atexit=yes
ac_cv_func_basename=yes
ac_cv_func_bcmp=yes
ac_cv_func_bcopy=yes
ac_cv_func_bsearch=yes
ac_cv_func_bzero=yes
ac_cv_func_calloc=yes
ac_cv_func_canonicalize_file_name=yes
ac_cv_func_clock=yes
ac_cv_func_ffs=yes
ac_cv_func_fork=yes
ac_cv_func_fork_works=yes
ac_cv_func_getcwd=yes
ac_cv_func_getpagesize=yes
ac_cv_func_getrusage=yes
ac_cv_func_getsysinfo=no
ac_cv_func_gettimeofday=yes
ac_cv_func_index=yes
ac_cv_func_insque=yes
ac_cv_func_memchr=yes
ac_cv_func_memcmp=yes
ac_cv_func_memcpy=yes
ac_cv_func_memmove=yes
ac_cv_func_mempcpy=yes
ac_cv_func_memset=yes
ac_cv_func_mkstemps=yes
ac_cv_func_mmap_fixed_mapped=yes
ac_cv_func_on_exit=yes
ac_cv_func_psignal=yes
ac_cv_func_pstat_getdynamic=no
ac_cv_func_pstat_getstatic=no
ac_cv_func_putenv=yes
ac_cv_func_random=yes
ac_cv_func_realpath=yes
ac_cv_func_rename=yes
ac_cv_func_rindex=yes
ac_cv_func_sbrk=yes
ac_cv_func_setenv=yes
ac_cv_func_sigsetmask=yes
ac_cv_func_snprintf=yes
ac_cv_func_stpcpy=yes
ac_cv_func_stpncpy=yes
ac_cv_func_strcasecmp=yes
ac_cv_func_strchr=yes
ac_cv_func_strdup=yes
ac_cv_func_strerror=yes
ac_cv_func_strncasecmp=yes
ac_cv_func_strncmp_works=yes
ac_cv_func_strrchr=yes
ac_cv_func_strsignal=yes
ac_cv_func_strstr=yes
ac_cv_func_strtod=yes
ac_cv_func_strtol=yes
ac_cv_func_strtoul=yes
ac_cv_func_sysconf=yes
ac_cv_func_sysctl=yes
ac_cv_func_sysmp=no
ac_cv_func_table=no
ac_cv_func_times=yes
ac_cv_func_tmpnam=yes
ac_cv_func_vasprintf=yes
ac_cv_func_vfork=yes
ac_cv_func_vfork_works=yes
ac_cv_func_vfprintf=yes
ac_cv_func_vprintf=yes
ac_cv_func_vsnprintf=yes
ac_cv_func_vsprintf=yes
ac_cv_func_waitpid=yes
ac_cv_header_alloca_h=yes
ac_cv_header_fcntl_h=yes
ac_cv_header_inttypes_h=yes
ac_cv_header_limits_h=yes
ac_cv_header_machine_hal_sysinfo_h=no
ac_cv_header_malloc_h=yes
ac_cv_header_memory_h=yes
ac_cv_header_stdc=yes
ac_cv_header_stdint_h=yes
ac_cv_header_stdlib_h=yes
ac_cv_header_string_h=yes
ac_cv_header_strings_h=yes
ac_cv_header_sys_file_h=yes
ac_cv_header_sys_mman_h=yes
ac_cv_header_sys_param_h=yes
ac_cv_header_sys_pstat_h=no
ac_cv_header_sys_resource_h=yes
ac_cv_header_sys_stat_h=yes
ac_cv_header_sys_sysctl_h=yes
ac_cv_header_sys_sysinfo_h=yes
ac_cv_header_sys_sysmp_h=no
ac_cv_header_sys_systemcfg_h=no
ac_cv_header_sys_table_h=no
ac_cv_header_sys_time_h=yes
ac_cv_header_sys_types_h=yes
ac_cv_header_sys_wait_h=yes
ac_cv_header_time=yes
ac_cv_header_time_h=yes
ac_cv_header_unistd_h=yes
ac_cv_header_vfork_h=no
ac_cv_host=x86_64-unknown-linux-gnu
ac_cv_host_alias=x86_64-unknown-linux-gnu
ac_cv_objext=o
ac_cv_os_cray=no
ac_cv_path_install='/usr/bin/install -c'
ac_cv_prog_AR=ar
ac_cv_prog_CC=afl-gcc
ac_cv_prog_CPP='afl-gcc -E'
ac_cv_prog_PERL=perl
ac_cv_prog_RANLIB=ranlib
ac_cv_prog_cc_afl_gcc_c_o=yes
ac_cv_prog_cc_g=yes
ac_cv_prog_cc_stdc=
ac_cv_prog_egrep='grep -E'
ac_cv_search_strerror='none required'
ac_cv_type_pid_t=yes
ac_cv_type_uintptr_t=yes
libiberty_cv_decl_needed_canonicalize_file_name=yes
libiberty_cv_declare_errno=no
libiberty_cv_var_sys_errlist=yes
libiberty_cv_var_sys_nerr=yes
libiberty_cv_var_sys_siglist=yes

## ----------------- ##
## Output variables. ##
## ----------------- ##

AR='ar'
BUILD_INFO=''
CC='afl-gcc'
CFLAGS='-g -O2'
CHECK='check-cplus-dem'
CPP='afl-gcc -E'
CPPFLAGS=''
DEFS='-DHAVE_CONFIG_H'
ECHO_C=''
ECHO_N='-n'
ECHO_T=''
EGREP='grep -E'
EXEEXT=''
HAVE_PERL=''
INSTALL_DATA='${INSTALL} -m 644'
INSTALL_DEST='libdir'
INSTALL_PROGRAM='${INSTALL}'
INSTALL_SCRIPT='${INSTALL}'
LDFLAGS=''
LIBOBJS=''
LIBS=''
LTLIBOBJS=''
MAINT='#'
MAKEINFO='@echo makeinfo missing; true'
NOTMAINT=''
NO_MINUS_C_MINUS_O=''
OBJEXT='o'
OUTPUT_OPTION='-o $@'
PACKAGE_BUGREPORT=''
PACKAGE_NAME=''
PACKAGE_STRING=''
PACKAGE_TARNAME=''
PACKAGE_VERSION=''
PATH_SEPARATOR=':'
PERL='perl'
RANLIB='ranlib'
SHELL='/bin/sh'
ac_ct_AR=''
ac_ct_CC=''
ac_ct_RANLIB=''
ac_libiberty_warn_cflags='-W -Wall -Wtraditional -pedantic'
bindir='${exec_prefix}/bin'
build='x86_64-unknown-linux-gnu'
build_alias='x86_64-unknown-linux-gnu'
build_cpu='x86_64'
build_os='linux-gnu'
build_vendor='unknown'
datadir='${prefix}/share'
exec_prefix='${prefix}'
host='x86_64-unknown-linux-gnu'
host_alias='x86_64-unknown-linux-gnu'
host_cpu='x86_64'
host_os='linux-gnu'
host_vendor='unknown'
includedir='${prefix}/include'
infodir='${prefix}/info'
libdir='${exec_prefix}/lib'
libexecdir='${exec_prefix}/libexec'
libiberty_topdir='./..'
localstatedir='${prefix}/var'
mandir='${prefix}/man'
oldincludedir='/usr/include'
pexecute='./pex-unix.o'
prefix='/usr/local'
program_transform_name='s,y,y,'
sbindir='${exec_prefix}/sbin'
sharedstatedir='${prefix}/com'
sysconfdir='${prefix}/etc'
target_alias='x86_64-unknown-linux-gnu'
target_header_dir=''

## ------------- ##
## Output files. ##
## ------------- ##

host_makefile_frag='xhost-mkfrag'

## ----------- ##
## confdefs.h. ##
## ----------- ##

#define BYTEORDER 1234
#define HAVE_ALLOCA_H 1
#define HAVE_ASPRINTF 1
#define HAVE_ATEXIT 1
#define HAVE_BASENAME 1
#define HAVE_BCMP 1
#define HAVE_BCOPY 1
#define HAVE_BSEARCH 1
#define HAVE_BZERO 1
#define HAVE_CALLOC 1
#define HAVE_CANONICALIZE_FILE_NAME 1
#define HAVE_CLOCK 1
#define HAVE_FCNTL_H 1
#define HAVE_FFS 1
#define HAVE_FORK 1
#define HAVE_GETCWD 1
#define HAVE_GETPAGESIZE 1
#define HAVE_GETPAGESIZE 1
#define HAVE_GETRUSAGE 1
#define HAVE_GETTIMEOFDAY 1
#define HAVE_INDEX 1
#define HAVE_INSQUE 1
#define HAVE_INTTYPES_H 1
#define HAVE_LIMITS_H 1
#define HAVE_MALLOC_H 1
#define HAVE_MEMCHR 1
#define HAVE_MEMCMP 1
#define HAVE_MEMCPY 1
#define HAVE_MEMMOVE 1
#define HAVE_MEMORY_H 1
#define HAVE_MEMPCPY 1
#define HAVE_MEMSET 1
#define HAVE_MKSTEMPS 1
#define HAVE_MMAP 1
#define HAVE_ON_EXIT 1
#define HAVE_PSIGNAL 1
#define HAVE_PUTENV 1
#define HAVE_RANDOM 1
#define HAVE_REALPATH 1
#define HAVE_RENAME 1
#define HAVE_RINDEX 1
#define HAVE_SBRK 1
#define HAVE_SETENV 1
#define HAVE_SIGSETMASK 1
#define HAVE_SNPRINTF 1
#define HAVE_STDINT_H 1
#define HAVE_STDLIB_H 1
#define HAVE_STDLIB_H 1
#define HAVE_STDLIB_H 1
#define HAVE_STPCPY 1
#define HAVE_STPNCPY 1
#define HAVE_STRCASECMP 1
#define HAVE_STRCHR 1
#define HAVE_STRDUP 1
#define HAVE_STRERROR 1
#define HAVE_STRINGS_H 1
#define HAVE_STRINGS_H 1
#define HAVE_STRING_H 1
#define HAVE_STRING_H 1
#define HAVE_STRNCASECMP 1
#define HAVE_STRRCHR 1
#define HAVE_STRSIGNAL 1
#define HAVE_STRSTR 1
#define HAVE_STRTOD 1
#define HAVE_STRTOL 1
#define HAVE_STRTOUL 1
#define HAVE_SYSCONF 1
#define HAVE_SYSCTL 1
#define HAVE_SYS_ERRLIST 1
#define HAVE_SYS_FILE_H 1
#define HAVE_SYS_MMAN_H 1
#define HAVE_SYS_NERR 1
#define HAVE_SYS_PARAM_H 1
#define HAVE_SYS_RESOURCE_H 1
#define HAVE_SYS_SIGLIST 1
#define HAVE_SYS_STAT_H 1
#define HAVE_SYS_STAT_H 1
#define HAVE_SYS_SYSCTL_H 1
#define HAVE_SYS_SYSINFO_H 1
#define HAVE_SYS_TIME_H 1
#define HAVE_SYS_TYPES_H 1
#define HAVE_SYS_WAIT_H 1
#define HAVE_TIMES 1
#define HAVE_TIME_H 1
#define HAVE_TMPNAM 1
#define HAVE_UINTPTR_T 1
#define HAVE_UNISTD_H 1
#define HAVE_UNISTD_H 1
#define HAVE_UNISTD_H 1
#define HAVE_UNISTD_H 1
#define HAVE_VASPRINTF 1
#define HAVE_VFORK 1
#define HAVE_VFPRINTF 1
#define HAVE_VPRINTF 1
#define HAVE_VSNPRINTF 1
#define HAVE_VSPRINTF 1
#define HAVE_WAITPID 1
#define HAVE_WORKING_FORK 1
#define HAVE_WORKING_VFORK 1
#define NEED_DECLARATION_CANONICALIZE_FILE_NAME 1
#define PACKAGE_BUGREPORT ""
#define PACKAGE_NAME ""
#define PACKAGE_STRING ""
#define PACKAGE_TARNAME ""
#define PACKAGE_VERSION ""
#define STACK_DIRECTION -1
#define STDC_HEADERS 1
#define TIME_WITH_SYS_TIME 1

configure: exit 0

## ---------------------- ##
## Running config.status. ##
## ---------------------- ##

This file was extended by config.status, which was
generated by GNU Autoconf 2.57.  Invocation command line was

  CONFIG_FILES    = 
  CONFIG_HEADERS  = config.h:./config.in
  CONFIG_LINKS    = 
  CONFIG_COMMANDS = 
  $ ./config.status 

on localhost.localdomain

config.status:770: creating config.h
config.status:1193: executing default commands
